[ 2017-08-05T04:10:44+08:00 ] 202.173.11.239 /
INFO: [ app_init ] --START--
INFO: Run Behavior\BuildLiteBehavior [ RunTime:0.000015s ]
INFO: [ app_init ] --END-- [ RunTime:0.000356s ]
INFO: [ app_begin ] --START--
INFO: Run Behavior\ReadHtmlCacheBehavior [ RunTime:0.000465s ]
INFO: [ app_begin ] --END-- [ RunTime:0.000510s ]
SQL: SHOW COLUMNS FROM `tb_article` [ RunTime:0.001856s ]
SQL: SHOW COLUMNS FROM `tb_visitors` [ RunTime:0.001772s ]
SQL: INSERT INTO `tb_visitors` (`ip`,`ipdate`,`address`) VALUES ('202.173.11.239','2017-08-05 04:10:44','中国北京市北京市') [ RunTime:0.007817s ]
SQL: SELECT COUNT(*) AS tp_count FROM `tb_article` LIMIT 1   [ RunTime:0.001940s ]
SQL: SELECT * FROM `tb_article` WHERE ( `ispublic` = '0' ) ORDER BY articletime desc LIMIT 0,7   [ RunTime:0.003226s ]
SQL: SHOW COLUMNS FROM tb_article_tag as at [ RunTime:0.001362s ]
ERR: 1064:You have an error in your SQL syntax; check the manual that corresponds to your MySQL server version for the right syntax to use near 'as at' at line 1
 [ SQL语句 ] : SHOW COLUMNS FROM tb_article_tag as at
SQL: SELECT * FROM tb_article_tag as at INNER JOIN tb_tag as t on at.tagid=t.id   [ RunTime:0.001861s ]
SQL: SHOW COLUMNS FROM `tb_article` [ RunTime:0.001663s ]
SQL: SELECT * FROM `tb_article` ORDER BY views desc  [ RunTime:0.012372s ]
SQL: SELECT * FROM `tb_article` ORDER BY articletime desc  [ RunTime:0.006446s ]
SQL: SHOW COLUMNS FROM `tb_friendlylink` [ RunTime:0.001700s ]
SQL: SELECT * FROM `tb_friendlylink`  [ RunTime:0.001676s ]
SQL: SHOW COLUMNS FROM `tb_tag` [ RunTime:0.001614s ]
SQL: SELECT * FROM `tb_tag`  [ RunTime:0.001480s ]
SQL: SELECT COUNT(distinct(ip)) AS tp_count FROM `tb_visitors` WHERE ( `ip` = 'ip' ) LIMIT 1   [ RunTime:0.002022s ]
NOTIC: [8] Undefined index: www.zxdphp.site /data/home/bxu2442410262/htdocs/Application/Home/Controller/IndexController.class.php 第 111 行.
INFO: [ view_parse ] --START--
INFO: [ template_filter ] --START--
INFO: Run Behavior\ContentReplaceBehavior [ RunTime:0.000054s ]
INFO: [ template_filter ] --END-- [ RunTime:0.000093s ]
NOTIC: [8] Undefined variable: data /data/home/bxu2442410262/htdocs/Application/Runtime/Cache/Home/2a94b8bda04ff446dcedd42276fc99ee.php 第 169 行.
NOTIC: [8] Undefined variable: data /data/home/bxu2442410262/htdocs/Application/Runtime/Cache/Home/2a94b8bda04ff446dcedd42276fc99ee.php 第 171 行.
INFO: Run Behavior\ParseTemplateBehavior [ RunTime:0.016823s ]
INFO: [ view_parse ] --END-- [ RunTime:0.016867s ]
INFO: [ view_filter ] --START--
INFO: Run Behavior\WriteHtmlCacheBehavior [ RunTime:0.000233s ]
INFO: [ view_filter ] --END-- [ RunTime:0.000267s ]
INFO: [ app_end ] --START--
INFO: Run Behavior\ShowPageTraceBehavior [ RunTime:0.000521s ]
INFO: [ app_end ] --END-- [ RunTime:0.000564s ]

[ 2017-08-05T04:44:17+08:00 ] 123.125.67.165 /
INFO: [ app_init ] --START--
INFO: Run Behavior\BuildLiteBehavior [ RunTime:0.000018s ]
INFO: [ app_init ] --END-- [ RunTime:0.000401s ]
INFO: [ app_begin ] --START--
INFO: Run Behavior\ReadHtmlCacheBehavior [ RunTime:0.000466s ]
INFO: [ app_begin ] --END-- [ RunTime:0.000526s ]
SQL: SHOW COLUMNS FROM `tb_article` [ RunTime:0.001934s ]
SQL: SHOW COLUMNS FROM `tb_visitors` [ RunTime:0.001905s ]
SQL: INSERT INTO `tb_visitors` (`ip`,`ipdate`,`address`) VALUES ('123.125.67.165','2017-08-05 04:44:17','中国北京市北京市') [ RunTime:0.004831s ]
SQL: SELECT COUNT(*) AS tp_count FROM `tb_article` LIMIT 1   [ RunTime:0.001876s ]
SQL: SELECT * FROM `tb_article` WHERE ( `ispublic` = '0' ) ORDER BY articletime desc LIMIT 0,7   [ RunTime:0.003069s ]
SQL: SHOW COLUMNS FROM tb_article_tag as at [ RunTime:0.001295s ]
ERR: 1064:You have an error in your SQL syntax; check the manual that corresponds to your MySQL server version for the right syntax to use near 'as at' at line 1
 [ SQL语句 ] : SHOW COLUMNS FROM tb_article_tag as at
SQL: SELECT * FROM tb_article_tag as at INNER JOIN tb_tag as t on at.tagid=t.id   [ RunTime:0.001855s ]
SQL: SHOW COLUMNS FROM `tb_article` [ RunTime:0.001604s ]
SQL: SELECT * FROM `tb_article` ORDER BY views desc  [ RunTime:0.012400s ]
SQL: SELECT * FROM `tb_article` ORDER BY articletime desc  [ RunTime:0.006167s ]
SQL: SHOW COLUMNS FROM `tb_friendlylink` [ RunTime:0.001662s ]
SQL: SELECT * FROM `tb_friendlylink`  [ RunTime:0.001545s ]
SQL: SHOW COLUMNS FROM `tb_tag` [ RunTime:0.001546s ]
SQL: SELECT * FROM `tb_tag`  [ RunTime:0.001386s ]
SQL: SELECT COUNT(distinct(ip)) AS tp_count FROM `tb_visitors` WHERE ( `ip` = 'ip' ) LIMIT 1   [ RunTime:0.001948s ]
NOTIC: [8] Undefined index: www.zxdphp.site /data/home/bxu2442410262/htdocs/Application/Home/Controller/IndexController.class.php 第 111 行.
INFO: [ view_parse ] --START--
INFO: [ template_filter ] --START--
INFO: Run Behavior\ContentReplaceBehavior [ RunTime:0.000054s ]
INFO: [ template_filter ] --END-- [ RunTime:0.000091s ]
NOTIC: [8] Undefined variable: data /data/home/bxu2442410262/htdocs/Application/Runtime/Cache/Home/2a94b8bda04ff446dcedd42276fc99ee.php 第 169 行.
NOTIC: [8] Undefined variable: data /data/home/bxu2442410262/htdocs/Application/Runtime/Cache/Home/2a94b8bda04ff446dcedd42276fc99ee.php 第 171 行.
INFO: Run Behavior\ParseTemplateBehavior [ RunTime:0.017380s ]
INFO: [ view_parse ] --END-- [ RunTime:0.017424s ]
INFO: [ view_filter ] --START--
INFO: Run Behavior\WriteHtmlCacheBehavior [ RunTime:0.000279s ]
INFO: [ view_filter ] --END-- [ RunTime:0.000316s ]
INFO: [ app_end ] --START--
INFO: Run Behavior\ShowPageTraceBehavior [ RunTime:0.000516s ]
INFO: [ app_end ] --END-- [ RunTime:0.000573s ]

[ 2017-08-05T11:46:34+08:00 ] 127.0.0.1 /MyProject/blog/
INFO: [ app_init ] --START--
INFO: Run Behavior\BuildLiteBehavior [ RunTime:0.000019s ]
INFO: [ app_init ] --END-- [ RunTime:0.079883s ]
INFO: [ app_begin ] --START--
INFO: Run Behavior\ReadHtmlCacheBehavior [ RunTime:0.104415s ]
INFO: [ app_begin ] --END-- [ RunTime:0.104507s ]
NOTIC: [8192] mysql_connect(): The mysql extension is deprecated and will be removed in the future: use mysqli or PDO instead D:\phpStudy\WWW\MyProject\blog\ThinkPHP\Library\Think\Db\Driver\Mysql.class.php 第 52 行.
SQL: SHOW COLUMNS FROM `tb_article` [ RunTime:0.280567s ]
SQL: SHOW COLUMNS FROM `tb_visitors` [ RunTime:0.044512s ]
SQL: INSERT INTO `tb_visitors` (`ip`,`ipdate`,`address`) VALUES ('127.0.0.1','2017-08-05 11:46:30','未分配或者内网IP') [ RunTime:0.048224s ]
SQL: SELECT COUNT(*) AS tp_count FROM `tb_article` LIMIT 1   [ RunTime:0.044858s ]
SQL: SELECT * FROM `tb_article` WHERE ( `ispublic` = '0' ) ORDER BY articletime desc LIMIT 0,7   [ RunTime:0.120477s ]
SQL: SHOW COLUMNS FROM tb_article_tag as at [ RunTime:0.038388s ]
ERR: 1064:You have an error in your SQL syntax; check the manual that corresponds to your MySQL server version for the right syntax to use near 'as at' at line 1
 [ SQL语句 ] : SHOW COLUMNS FROM tb_article_tag as at
SQL: SELECT * FROM tb_article_tag as at INNER JOIN tb_tag as t on at.tagid=t.id   [ RunTime:0.039861s ]
SQL: SHOW COLUMNS FROM `tb_article` [ RunTime:0.042300s ]
SQL: SELECT * FROM `tb_article` ORDER BY views desc  [ RunTime:1.404147s ]
SQL: SELECT * FROM `tb_article` ORDER BY articletime desc  [ RunTime:0.817614s ]
SQL: SHOW COLUMNS FROM `tb_friendlylink` [ RunTime:0.039974s ]
SQL: SELECT * FROM `tb_friendlylink`  [ RunTime:0.039709s ]
SQL: SHOW COLUMNS FROM `tb_tag` [ RunTime:0.039573s ]
SQL: SELECT * FROM `tb_tag`  [ RunTime:0.043446s ]
SQL: SELECT COUNT(distinct(ip)) AS tp_count FROM `tb_visitors` WHERE ( `ip` = 'ip' ) LIMIT 1   [ RunTime:0.044164s ]
NOTIC: [8] Undefined index: www.zxdphp.site D:\phpStudy\WWW\MyProject\blog\Application\Home\Controller\IndexController.class.php 第 111 行.
INFO: [ view_parse ] --START--
INFO: [ template_filter ] --START--
INFO: Run Behavior\ContentReplaceBehavior [ RunTime:0.000140s ]
INFO: [ template_filter ] --END-- [ RunTime:0.000202s ]
NOTIC: [8] Undefined variable: data D:\phpStudy\WWW\MyProject\blog\Application\Runtime\Cache\Home\2a94b8bda04ff446dcedd42276fc99ee.php 第 169 行.
NOTIC: [8] Undefined variable: data D:\phpStudy\WWW\MyProject\blog\Application\Runtime\Cache\Home\2a94b8bda04ff446dcedd42276fc99ee.php 第 171 行.
INFO: Run Behavior\ParseTemplateBehavior [ RunTime:0.511555s ]
INFO: [ view_parse ] --END-- [ RunTime:0.511649s ]
INFO: [ view_filter ] --START--
INFO: Run Behavior\WriteHtmlCacheBehavior [ RunTime:0.033230s ]
INFO: [ view_filter ] --END-- [ RunTime:0.033295s ]
INFO: [ app_end ] --START--
INFO: Run Behavior\ShowPageTraceBehavior [ RunTime:0.014990s ]
INFO: [ app_end ] --END-- [ RunTime:0.015081s ]

[ 2017-08-05T13:11:07+08:00 ] 127.0.0.1 /MyProject/blog/
INFO: [ app_init ] --START--
INFO: Run Behavior\BuildLiteBehavior [ RunTime:0.000021s ]
INFO: [ app_init ] --END-- [ RunTime:0.013143s ]
INFO: [ app_begin ] --START--
INFO: Run Behavior\ReadHtmlCacheBehavior [ RunTime:0.029143s ]
INFO: [ app_begin ] --END-- [ RunTime:0.029251s ]
NOTIC: [8192] mysql_connect(): The mysql extension is deprecated and will be removed in the future: use mysqli or PDO instead D:\phpStudy\WWW\MyProject\blog\ThinkPHP\Library\Think\Db\Driver\Mysql.class.php 第 52 行.
SQL: SHOW COLUMNS FROM `tb_article` [ RunTime:0.042335s ]
SQL: SHOW COLUMNS FROM `tb_visitors` [ RunTime:0.042720s ]
SQL: INSERT INTO `tb_visitors` (`ip`,`ipdate`,`address`) VALUES ('127.0.0.1','2017-08-05 13:11:06','未分配或者内网IP') [ RunTime:0.042627s ]
SQL: SELECT COUNT(*) AS tp_count FROM `tb_article` LIMIT 1   [ RunTime:0.039832s ]
SQL: SELECT * FROM `tb_article` WHERE ( `ispublic` = '0' ) ORDER BY articletime desc LIMIT 0,7   [ RunTime:0.080674s ]
SQL: SHOW COLUMNS FROM tb_article_tag as at [ RunTime:0.039478s ]
ERR: 1064:You have an error in your SQL syntax; check the manual that corresponds to your MySQL server version for the right syntax to use near 'as at' at line 1
 [ SQL语句 ] : SHOW COLUMNS FROM tb_article_tag as at
SQL: SELECT * FROM tb_article_tag as at INNER JOIN tb_tag as t on at.tagid=t.id   [ RunTime:0.042980s ]
SQL: SHOW COLUMNS FROM `tb_article` [ RunTime:0.040633s ]
SQL: SELECT * FROM `tb_article` ORDER BY views desc  [ RunTime:0.219647s ]
SQL: SELECT * FROM `tb_article` ORDER BY articletime desc  [ RunTime:0.168224s ]
SQL: SHOW COLUMNS FROM `tb_friendlylink` [ RunTime:0.039745s ]
SQL: SELECT * FROM `tb_friendlylink`  [ RunTime:0.040359s ]
SQL: SHOW COLUMNS FROM `tb_tag` [ RunTime:0.041872s ]
SQL: SELECT * FROM `tb_tag`  [ RunTime:0.042457s ]
SQL: SELECT COUNT(distinct(ip)) AS tp_count FROM `tb_visitors` WHERE ( `ip` = 'ip' ) LIMIT 1   [ RunTime:0.040945s ]
INFO: [ view_parse ] --START--
INFO: [ template_filter ] --START--
INFO: Run Behavior\ContentReplaceBehavior [ RunTime:0.000127s ]
INFO: [ template_filter ] --END-- [ RunTime:0.000182s ]
NOTIC: [8] Undefined variable: data D:\phpStudy\WWW\MyProject\blog\Application\Runtime\Cache\Home\2a94b8bda04ff446dcedd42276fc99ee.php 第 169 行.
NOTIC: [8] Undefined variable: data D:\phpStudy\WWW\MyProject\blog\Application\Runtime\Cache\Home\2a94b8bda04ff446dcedd42276fc99ee.php 第 171 行.
INFO: Run Behavior\ParseTemplateBehavior [ RunTime:0.411548s ]
INFO: [ view_parse ] --END-- [ RunTime:0.411623s ]
INFO: [ view_filter ] --START--
INFO: Run Behavior\WriteHtmlCacheBehavior [ RunTime:0.024269s ]
INFO: [ view_filter ] --END-- [ RunTime:0.024334s ]
INFO: [ app_end ] --START--
INFO: Run Behavior\ShowPageTraceBehavior [ RunTime:0.014499s ]
INFO: [ app_end ] --END-- [ RunTime:0.014586s ]

[ 2017-08-05T13:23:27+08:00 ] 127.0.0.1 /MyProject/blog/
INFO: [ app_init ] --START--
INFO: Run Behavior\BuildLiteBehavior [ RunTime:0.000021s ]
INFO: [ app_init ] --END-- [ RunTime:0.000542s ]
INFO: [ app_begin ] --START--
INFO: Run Behavior\ReadHtmlCacheBehavior [ RunTime:0.000547s ]
INFO: [ app_begin ] --END-- [ RunTime:0.000603s ]
NOTIC: [8192] mysql_connect(): The mysql extension is deprecated and will be removed in the future: use mysqli or PDO instead D:\phpStudy\WWW\MyProject\blog\ThinkPHP\Library\Think\Db\Driver\Mysql.class.php 第 52 行.
SQL: SHOW COLUMNS FROM `tb_article` [ RunTime:0.040390s ]
SQL: SHOW COLUMNS FROM `tb_visitors` [ RunTime:0.042200s ]
SQL: INSERT INTO `tb_visitors` (`ip`,`ipdate`,`address`) VALUES ('127.0.0.1','2017-08-05 13:23:26','未分配或者内网IP') [ RunTime:0.043717s ]
SQL: SELECT COUNT(*) AS tp_count FROM `tb_article` LIMIT 1   [ RunTime:0.040478s ]
SQL: SELECT * FROM `tb_article` WHERE ( `ispublic` = '0' ) ORDER BY articletime desc LIMIT 0,7   [ RunTime:0.081205s ]
SQL: SHOW COLUMNS FROM tb_article_tag as at [ RunTime:0.038915s ]
ERR: 1064:You have an error in your SQL syntax; check the manual that corresponds to your MySQL server version for the right syntax to use near 'as at' at line 1
 [ SQL语句 ] : SHOW COLUMNS FROM tb_article_tag as at
SQL: SELECT * FROM tb_article_tag as at INNER JOIN tb_tag as t on at.tagid=t.id   [ RunTime:0.040522s ]
SQL: SHOW COLUMNS FROM `tb_article` [ RunTime:0.042007s ]
SQL: SELECT * FROM `tb_article` ORDER BY views desc  [ RunTime:0.239260s ]
SQL: SELECT * FROM `tb_article` ORDER BY articletime desc  [ RunTime:0.168953s ]
SQL: SHOW COLUMNS FROM `tb_friendlylink` [ RunTime:0.039729s ]
SQL: SELECT * FROM `tb_friendlylink`  [ RunTime:0.039618s ]
SQL: SHOW COLUMNS FROM `tb_tag` [ RunTime:0.039941s ]
SQL: SELECT * FROM `tb_tag`  [ RunTime:0.040936s ]
SQL: SELECT COUNT(distinct(ip)) AS tp_count FROM `tb_visitors` WHERE ( `ip` = 'ip' ) LIMIT 1   [ RunTime:0.040219s ]
INFO: [ view_parse ] --START--
INFO: [ template_filter ] --START--
INFO: Run Behavior\ContentReplaceBehavior [ RunTime:0.000146s ]
INFO: [ template_filter ] --END-- [ RunTime:0.000203s ]
NOTIC: [8] Undefined variable: data D:\phpStudy\WWW\MyProject\blog\Application\Runtime\Cache\Home\2a94b8bda04ff446dcedd42276fc99ee.php 第 169 行.
NOTIC: [8] Undefined variable: data D:\phpStudy\WWW\MyProject\blog\Application\Runtime\Cache\Home\2a94b8bda04ff446dcedd42276fc99ee.php 第 171 行.
INFO: Run Behavior\ParseTemplateBehavior [ RunTime:0.187529s ]
INFO: [ view_parse ] --END-- [ RunTime:0.187608s ]
INFO: [ view_filter ] --START--
INFO: Run Behavior\WriteHtmlCacheBehavior [ RunTime:0.000524s ]
INFO: [ view_filter ] --END-- [ RunTime:0.000582s ]
INFO: [ app_end ] --START--
INFO: Run Behavior\ShowPageTraceBehavior [ RunTime:0.001195s ]
INFO: [ app_end ] --END-- [ RunTime:0.001353s ]

[ 2017-08-05T13:24:00+08:00 ] 127.0.0.1 /MyProject/blog/
INFO: [ app_init ] --START--
INFO: Run Behavior\BuildLiteBehavior [ RunTime:0.000015s ]
INFO: [ app_init ] --END-- [ RunTime:0.000471s ]
INFO: [ app_begin ] --START--
INFO: Run Behavior\ReadHtmlCacheBehavior [ RunTime:0.000521s ]
INFO: [ app_begin ] --END-- [ RunTime:0.000573s ]
NOTIC: [8192] mysql_connect(): The mysql extension is deprecated and will be removed in the future: use mysqli or PDO instead D:\phpStudy\WWW\MyProject\blog\ThinkPHP\Library\Think\Db\Driver\Mysql.class.php 第 52 行.
SQL: SHOW COLUMNS FROM `tb_article` [ RunTime:0.041083s ]
SQL: SHOW COLUMNS FROM `tb_visitors` [ RunTime:0.040803s ]
SQL: INSERT INTO `tb_visitors` (`ip`,`ipdate`,`address`) VALUES ('127.0.0.1','2017-08-05 13:23:59','未分配或者内网IP') [ RunTime:0.042742s ]
SQL: SELECT COUNT(*) AS tp_count FROM `tb_article` LIMIT 1   [ RunTime:0.040692s ]
SQL: SELECT * FROM `tb_article` WHERE ( `ispublic` = '0' ) ORDER BY articletime desc LIMIT 0,7   [ RunTime:0.084134s ]
SQL: SHOW COLUMNS FROM tb_article_tag as at [ RunTime:0.039771s ]
ERR: 1064:You have an error in your SQL syntax; check the manual that corresponds to your MySQL server version for the right syntax to use near 'as at' at line 1
 [ SQL语句 ] : SHOW COLUMNS FROM tb_article_tag as at
SQL: SELECT * FROM tb_article_tag as at INNER JOIN tb_tag as t on at.tagid=t.id   [ RunTime:0.040724s ]
SQL: SHOW COLUMNS FROM `tb_article` [ RunTime:0.040796s ]
SQL: SELECT * FROM `tb_article` ORDER BY views desc  [ RunTime:0.208321s ]
SQL: SELECT * FROM `tb_article` ORDER BY articletime desc  [ RunTime:0.109353s ]
SQL: SHOW COLUMNS FROM `tb_friendlylink` [ RunTime:0.042159s ]
SQL: SELECT * FROM `tb_friendlylink`  [ RunTime:0.039980s ]
SQL: SHOW COLUMNS FROM `tb_tag` [ RunTime:0.040544s ]
SQL: SELECT * FROM `tb_tag`  [ RunTime:0.040068s ]
SQL: SELECT COUNT(distinct(ip)) AS tp_count FROM `tb_visitors` WHERE ( `ip` = 'ip' ) LIMIT 1   [ RunTime:0.040978s ]
INFO: [ view_parse ] --START--
INFO: [ template_filter ] --START--
INFO: Run Behavior\ContentReplaceBehavior [ RunTime:0.000167s ]
INFO: [ template_filter ] --END-- [ RunTime:0.000240s ]
NOTIC: [8] Undefined variable: data D:\phpStudy\WWW\MyProject\blog\Application\Runtime\Cache\Home\2a94b8bda04ff446dcedd42276fc99ee.php 第 169 行.
NOTIC: [8] Undefined variable: data D:\phpStudy\WWW\MyProject\blog\Application\Runtime\Cache\Home\2a94b8bda04ff446dcedd42276fc99ee.php 第 171 行.
INFO: Run Behavior\ParseTemplateBehavior [ RunTime:0.169135s ]
INFO: [ view_parse ] --END-- [ RunTime:0.169192s ]
INFO: [ view_filter ] --START--
INFO: Run Behavior\WriteHtmlCacheBehavior [ RunTime:0.000516s ]
INFO: [ view_filter ] --END-- [ RunTime:0.000563s ]
INFO: [ app_end ] --START--
INFO: Run Behavior\ShowPageTraceBehavior [ RunTime:0.000811s ]
INFO: [ app_end ] --END-- [ RunTime:0.000878s ]

[ 2017-08-05T13:27:12+08:00 ] 127.0.0.1 /MyProject/blog/
INFO: [ app_init ] --START--
INFO: Run Behavior\BuildLiteBehavior [ RunTime:0.000034s ]
INFO: [ app_init ] --END-- [ RunTime:0.000479s ]
INFO: [ app_begin ] --START--
INFO: Run Behavior\ReadHtmlCacheBehavior [ RunTime:0.000537s ]
INFO: [ app_begin ] --END-- [ RunTime:0.000591s ]
NOTIC: [8192] mysql_connect(): The mysql extension is deprecated and will be removed in the future: use mysqli or PDO instead D:\phpStudy\WWW\MyProject\blog\ThinkPHP\Library\Think\Db\Driver\Mysql.class.php 第 52 行.
SQL: SHOW COLUMNS FROM `tb_article` [ RunTime:0.039260s ]
SQL: SHOW COLUMNS FROM `tb_visitors` [ RunTime:0.042983s ]
SQL: INSERT INTO `tb_visitors` (`ip`,`ipdate`,`address`) VALUES ('127.0.0.1','2017-08-05 13:27:11','未分配或者内网IP') [ RunTime:0.045648s ]
SQL: SELECT COUNT(*) AS tp_count FROM `tb_article` LIMIT 1   [ RunTime:0.040044s ]
SQL: SELECT * FROM `tb_article` WHERE ( `ispublic` = '0' ) ORDER BY articletime desc LIMIT 0,7   [ RunTime:0.081627s ]
SQL: SHOW COLUMNS FROM tb_article_tag as at [ RunTime:0.038434s ]
ERR: 1064:You have an error in your SQL syntax; check the manual that corresponds to your MySQL server version for the right syntax to use near 'as at' at line 1
 [ SQL语句 ] : SHOW COLUMNS FROM tb_article_tag as at
SQL: SELECT * FROM tb_article_tag as at INNER JOIN tb_tag as t on at.tagid=t.id   [ RunTime:0.038696s ]
SQL: SHOW COLUMNS FROM `tb_article` [ RunTime:0.039922s ]
SQL: SELECT * FROM `tb_article` ORDER BY views desc  [ RunTime:0.205727s ]
SQL: SELECT * FROM `tb_article` ORDER BY articletime desc  [ RunTime:0.132973s ]
SQL: SHOW COLUMNS FROM `tb_friendlylink` [ RunTime:0.039744s ]
SQL: SELECT * FROM `tb_friendlylink`  [ RunTime:0.040548s ]
SQL: SHOW COLUMNS FROM `tb_tag` [ RunTime:0.039596s ]
SQL: SELECT * FROM `tb_tag`  [ RunTime:0.038253s ]
SQL: SELECT COUNT(distinct(ip)) AS tp_count FROM `tb_visitors` WHERE ( `ip` = 'ip' ) LIMIT 1   [ RunTime:0.039344s ]
INFO: [ view_parse ] --START--
INFO: [ template_filter ] --START--
INFO: Run Behavior\ContentReplaceBehavior [ RunTime:0.000131s ]
INFO: [ template_filter ] --END-- [ RunTime:0.000191s ]
NOTIC: [8] Undefined variable: data D:\phpStudy\WWW\MyProject\blog\Application\Runtime\Cache\Home\2a94b8bda04ff446dcedd42276fc99ee.php 第 169 行.
NOTIC: [8] Undefined variable: data D:\phpStudy\WWW\MyProject\blog\Application\Runtime\Cache\Home\2a94b8bda04ff446dcedd42276fc99ee.php 第 171 行.
INFO: Run Behavior\ParseTemplateBehavior [ RunTime:0.160770s ]
INFO: [ view_parse ] --END-- [ RunTime:0.160824s ]
INFO: [ view_filter ] --START--
INFO: Run Behavior\WriteHtmlCacheBehavior [ RunTime:0.000325s ]
INFO: [ view_filter ] --END-- [ RunTime:0.000369s ]
INFO: [ app_end ] --START--
INFO: Run Behavior\ShowPageTraceBehavior [ RunTime:0.000793s ]
INFO: [ app_end ] --END-- [ RunTime:0.000871s ]

[ 2017-08-05T13:33:35+08:00 ] 127.0.0.1 /MyProject/blog/
INFO: [ app_init ] --START--
INFO: Run Behavior\BuildLiteBehavior [ RunTime:0.000014s ]
INFO: [ app_init ] --END-- [ RunTime:0.000445s ]
INFO: [ app_begin ] --START--
INFO: Run Behavior\ReadHtmlCacheBehavior [ RunTime:0.000507s ]
INFO: [ app_begin ] --END-- [ RunTime:0.000556s ]
NOTIC: [8192] mysql_connect(): The mysql extension is deprecated and will be removed in the future: use mysqli or PDO instead D:\phpStudy\WWW\MyProject\blog\ThinkPHP\Library\Think\Db\Driver\Mysql.class.php 第 52 行.
SQL: SHOW COLUMNS FROM `tb_article` [ RunTime:0.040802s ]
SQL: SHOW COLUMNS FROM `tb_visitors` [ RunTime:0.042882s ]
SQL: INSERT INTO `tb_visitors` (`ip`,`ipdate`,`address`) VALUES ('127.0.0.1','2017-08-05 13:33:34','未分配或者内网IP') [ RunTime:0.046363s ]
SQL: SELECT COUNT(*) AS tp_count FROM `tb_article` LIMIT 1   [ RunTime:0.057590s ]
SQL: SELECT * FROM `tb_article` WHERE ( `ispublic` = '0' ) ORDER BY articletime desc LIMIT 0,7   [ RunTime:0.083062s ]
SQL: SHOW COLUMNS FROM tb_article_tag as at [ RunTime:0.040485s ]
ERR: 1064:You have an error in your SQL syntax; check the manual that corresponds to your MySQL server version for the right syntax to use near 'as at' at line 1
 [ SQL语句 ] : SHOW COLUMNS FROM tb_article_tag as at
SQL: SELECT * FROM tb_article_tag as at INNER JOIN tb_tag as t on at.tagid=t.id   [ RunTime:0.040280s ]
SQL: SHOW COLUMNS FROM `tb_article` [ RunTime:0.041272s ]
SQL: SELECT * FROM `tb_article` ORDER BY views desc  [ RunTime:0.245955s ]
SQL: SELECT * FROM `tb_article` ORDER BY articletime desc  [ RunTime:0.252341s ]
SQL: SHOW COLUMNS FROM `tb_friendlylink` [ RunTime:0.040004s ]
SQL: SELECT * FROM `tb_friendlylink`  [ RunTime:0.040865s ]
SQL: SHOW COLUMNS FROM `tb_tag` [ RunTime:0.047646s ]
SQL: SELECT * FROM `tb_tag`  [ RunTime:0.040752s ]
SQL: SELECT COUNT(distinct(ip)) AS tp_count FROM `tb_visitors` WHERE ( `ip` = 'ip' ) LIMIT 1   [ RunTime:0.040607s ]
INFO: [ view_parse ] --START--
INFO: [ template_filter ] --START--
INFO: Run Behavior\ContentReplaceBehavior [ RunTime:0.000158s ]
INFO: [ template_filter ] --END-- [ RunTime:0.000247s ]
NOTIC: [8] Undefined variable: data D:\phpStudy\WWW\MyProject\blog\Application\Runtime\Cache\Home\2a94b8bda04ff446dcedd42276fc99ee.php 第 169 行.
NOTIC: [8] Undefined variable: data D:\phpStudy\WWW\MyProject\blog\Application\Runtime\Cache\Home\2a94b8bda04ff446dcedd42276fc99ee.php 第 171 行.
INFO: Run Behavior\ParseTemplateBehavior [ RunTime:0.182564s ]
INFO: [ view_parse ] --END-- [ RunTime:0.182627s ]
INFO: [ view_filter ] --START--
INFO: Run Behavior\WriteHtmlCacheBehavior [ RunTime:0.000467s ]
INFO: [ view_filter ] --END-- [ RunTime:0.000513s ]
INFO: [ app_end ] --START--
INFO: Run Behavior\ShowPageTraceBehavior [ RunTime:0.000940s ]
INFO: [ app_end ] --END-- [ RunTime:0.001024s ]

[ 2017-08-05T13:35:35+08:00 ] 127.0.0.1 /MyProject/blog/
INFO: [ app_init ] --START--
INFO: Run Behavior\BuildLiteBehavior [ RunTime:0.000016s ]
INFO: [ app_init ] --END-- [ RunTime:0.000603s ]
INFO: [ app_begin ] --START--
INFO: Run Behavior\ReadHtmlCacheBehavior [ RunTime:0.000691s ]
INFO: [ app_begin ] --END-- [ RunTime:0.000770s ]
NOTIC: [8192] mysql_connect(): The mysql extension is deprecated and will be removed in the future: use mysqli or PDO instead D:\phpStudy\WWW\MyProject\blog\ThinkPHP\Library\Think\Db\Driver\Mysql.class.php 第 52 行.
SQL: SHOW COLUMNS FROM `tb_article` [ RunTime:0.037521s ]
SQL: SHOW COLUMNS FROM `tb_visitors` [ RunTime:0.046407s ]
SQL: INSERT INTO `tb_visitors` (`ip`,`ipdate`,`address`) VALUES ('127.0.0.1','2017-08-05 13:35:34','未分配或者内网IP') [ RunTime:0.044251s ]
SQL: SELECT COUNT(*) AS tp_count FROM `tb_article` LIMIT 1   [ RunTime:0.040887s ]
SQL: SELECT * FROM `tb_article` WHERE ( `ispublic` = '0' ) ORDER BY articletime desc LIMIT 0,7   [ RunTime:0.084985s ]
SQL: SHOW COLUMNS FROM tb_article_tag as at [ RunTime:0.046410s ]
ERR: 1064:You have an error in your SQL syntax; check the manual that corresponds to your MySQL server version for the right syntax to use near 'as at' at line 1
 [ SQL语句 ] : SHOW COLUMNS FROM tb_article_tag as at
SQL: SELECT * FROM tb_article_tag as at INNER JOIN tb_tag as t on at.tagid=t.id   [ RunTime:0.044735s ]
SQL: SHOW COLUMNS FROM `tb_article` [ RunTime:0.038973s ]
SQL: SELECT * FROM `tb_article` ORDER BY views desc  [ RunTime:0.180227s ]
SQL: SELECT * FROM `tb_article` ORDER BY articletime desc  [ RunTime:0.122125s ]
SQL: SHOW COLUMNS FROM `tb_friendlylink` [ RunTime:0.046079s ]
SQL: SELECT * FROM `tb_friendlylink`  [ RunTime:0.037752s ]
SQL: SHOW COLUMNS FROM `tb_tag` [ RunTime:0.037059s ]
SQL: SELECT * FROM `tb_tag`  [ RunTime:0.039299s ]
SQL: SELECT COUNT(distinct(ip)) AS tp_count FROM `tb_visitors` WHERE ( `ip` = 'ip' ) LIMIT 1   [ RunTime:0.042210s ]
INFO: [ view_parse ] --START--
INFO: [ template_filter ] --START--
INFO: Run Behavior\ContentReplaceBehavior [ RunTime:0.000116s ]
INFO: [ template_filter ] --END-- [ RunTime:0.000167s ]
NOTIC: [8] Undefined variable: data D:\phpStudy\WWW\MyProject\blog\Application\Runtime\Cache\Home\2a94b8bda04ff446dcedd42276fc99ee.php 第 169 行.
NOTIC: [8] Undefined variable: data D:\phpStudy\WWW\MyProject\blog\Application\Runtime\Cache\Home\2a94b8bda04ff446dcedd42276fc99ee.php 第 171 行.
INFO: Run Behavior\ParseTemplateBehavior [ RunTime:0.159710s ]
INFO: [ view_parse ] --END-- [ RunTime:0.159762s ]
INFO: [ view_filter ] --START--
INFO: Run Behavior\WriteHtmlCacheBehavior [ RunTime:0.000393s ]
INFO: [ view_filter ] --END-- [ RunTime:0.000444s ]
INFO: [ app_end ] --START--
INFO: Run Behavior\ShowPageTraceBehavior [ RunTime:0.000809s ]
INFO: [ app_end ] --END-- [ RunTime:0.000876s ]

[ 2017-08-05T13:37:27+08:00 ] 127.0.0.1 /MyProject/blog/
INFO: [ app_init ] --START--
INFO: Run Behavior\BuildLiteBehavior [ RunTime:0.000014s ]
INFO: [ app_init ] --END-- [ RunTime:0.000470s ]
INFO: [ app_begin ] --START--
INFO: Run Behavior\ReadHtmlCacheBehavior [ RunTime:0.000535s ]
INFO: [ app_begin ] --END-- [ RunTime:0.000588s ]
NOTIC: [8192] mysql_connect(): The mysql extension is deprecated and will be removed in the future: use mysqli or PDO instead D:\phpStudy\WWW\MyProject\blog\ThinkPHP\Library\Think\Db\Driver\Mysql.class.php 第 52 行.
SQL: SHOW COLUMNS FROM `tb_article` [ RunTime:0.045712s ]
SQL: SHOW COLUMNS FROM `tb_visitors` [ RunTime:0.042924s ]
SQL: INSERT INTO `tb_visitors` (`ip`,`ipdate`,`address`) VALUES ('127.0.0.1','2017-08-05 13:37:26','未分配或者内网IP') [ RunTime:0.042832s ]
SQL: SELECT COUNT(*) AS tp_count FROM `tb_article` LIMIT 1   [ RunTime:0.038130s ]
SQL: SELECT * FROM `tb_article` WHERE ( `ispublic` = '0' ) ORDER BY articletime desc LIMIT 0,7   [ RunTime:0.079780s ]
SQL: SHOW COLUMNS FROM tb_article_tag as at [ RunTime:0.038229s ]
ERR: 1064:You have an error in your SQL syntax; check the manual that corresponds to your MySQL server version for the right syntax to use near 'as at' at line 1
 [ SQL语句 ] : SHOW COLUMNS FROM tb_article_tag as at
SQL: SELECT * FROM tb_article_tag as at INNER JOIN tb_tag as t on at.tagid=t.id   [ RunTime:0.039064s ]
SQL: SHOW COLUMNS FROM `tb_article` [ RunTime:0.039515s ]
SQL: SELECT * FROM `tb_article` ORDER BY views desc  [ RunTime:0.186829s ]
SQL: SELECT * FROM `tb_article` ORDER BY articletime desc  [ RunTime:0.094645s ]
SQL: SHOW COLUMNS FROM `tb_friendlylink` [ RunTime:0.040255s ]
SQL: SELECT * FROM `tb_friendlylink`  [ RunTime:0.039103s ]
SQL: SHOW COLUMNS FROM `tb_tag` [ RunTime:0.039449s ]
SQL: SELECT * FROM `tb_tag`  [ RunTime:0.039421s ]
SQL: SELECT COUNT(distinct(ip)) AS tp_count FROM `tb_visitors` WHERE ( `ip` = 'ip' ) LIMIT 1   [ RunTime:0.039803s ]
INFO: [ view_parse ] --START--
INFO: [ template_filter ] --START--
INFO: Run Behavior\ContentReplaceBehavior [ RunTime:0.000152s ]
INFO: [ template_filter ] --END-- [ RunTime:0.000222s ]
NOTIC: [8] Undefined variable: data D:\phpStudy\WWW\MyProject\blog\Application\Runtime\Cache\Home\2a94b8bda04ff446dcedd42276fc99ee.php 第 169 行.
NOTIC: [8] Undefined variable: data D:\phpStudy\WWW\MyProject\blog\Application\Runtime\Cache\Home\2a94b8bda04ff446dcedd42276fc99ee.php 第 171 行.
INFO: Run Behavior\ParseTemplateBehavior [ RunTime:0.215456s ]
INFO: [ view_parse ] --END-- [ RunTime:0.215526s ]
INFO: [ view_filter ] --START--
INFO: Run Behavior\WriteHtmlCacheBehavior [ RunTime:0.001032s ]
INFO: [ view_filter ] --END-- [ RunTime:0.001183s ]
INFO: [ app_end ] --START--
INFO: Run Behavior\ShowPageTraceBehavior [ RunTime:0.001108s ]
INFO: [ app_end ] --END-- [ RunTime:0.001227s ]

[ 2017-08-05T13:39:40+08:00 ] 127.0.0.1 /MyProject/blog/
INFO: [ app_init ] --START--
INFO: Run Behavior\BuildLiteBehavior [ RunTime:0.000021s ]
INFO: [ app_init ] --END-- [ RunTime:0.000816s ]
INFO: [ app_begin ] --START--
INFO: Run Behavior\ReadHtmlCacheBehavior [ RunTime:0.000944s ]
INFO: [ app_begin ] --END-- [ RunTime:0.001049s ]
NOTIC: [8192] mysql_connect(): The mysql extension is deprecated and will be removed in the future: use mysqli or PDO instead D:\phpStudy\WWW\MyProject\blog\ThinkPHP\Library\Think\Db\Driver\Mysql.class.php 第 52 行.
SQL: SHOW COLUMNS FROM `tb_article` [ RunTime:0.052123s ]
SQL: SHOW COLUMNS FROM `tb_visitors` [ RunTime:0.054498s ]
SQL: INSERT INTO `tb_visitors` (`ip`,`ipdate`,`address`) VALUES ('127.0.0.1','2017-08-05 13:39:38','未分配或者内网IP') [ RunTime:0.041867s ]
SQL: SELECT COUNT(*) AS tp_count FROM `tb_article` LIMIT 1   [ RunTime:0.038722s ]
SQL: SELECT * FROM `tb_article` WHERE ( `ispublic` = '0' ) ORDER BY articletime desc LIMIT 0,7   [ RunTime:0.091831s ]
SQL: SHOW COLUMNS FROM tb_article_tag as at [ RunTime:0.047716s ]
ERR: 1064:You have an error in your SQL syntax; check the manual that corresponds to your MySQL server version for the right syntax to use near 'as at' at line 1
 [ SQL语句 ] : SHOW COLUMNS FROM tb_article_tag as at
SQL: SELECT * FROM tb_article_tag as at INNER JOIN tb_tag as t on at.tagid=t.id   [ RunTime:0.054960s ]
SQL: SHOW COLUMNS FROM `tb_article` [ RunTime:0.038746s ]
SQL: SELECT * FROM `tb_article` ORDER BY views desc  [ RunTime:0.244722s ]
SQL: SELECT * FROM `tb_article` ORDER BY articletime desc  [ RunTime:0.326650s ]
SQL: SHOW COLUMNS FROM `tb_friendlylink` [ RunTime:0.039790s ]
SQL: SELECT * FROM `tb_friendlylink`  [ RunTime:0.039117s ]
SQL: SHOW COLUMNS FROM `tb_tag` [ RunTime:0.042915s ]
SQL: SELECT * FROM `tb_tag`  [ RunTime:0.048102s ]
SQL: SELECT COUNT(distinct(ip)) AS tp_count FROM `tb_visitors` WHERE ( `ip` = 'ip' ) LIMIT 1   [ RunTime:0.039361s ]
INFO: [ view_parse ] --START--
INFO: [ template_filter ] --START--
INFO: Run Behavior\ContentReplaceBehavior [ RunTime:0.000118s ]
INFO: [ template_filter ] --END-- [ RunTime:0.000171s ]
NOTIC: [8] Undefined variable: data D:\phpStudy\WWW\MyProject\blog\Application\Runtime\Cache\Home\2a94b8bda04ff446dcedd42276fc99ee.php 第 169 行.
NOTIC: [8] Undefined variable: data D:\phpStudy\WWW\MyProject\blog\Application\Runtime\Cache\Home\2a94b8bda04ff446dcedd42276fc99ee.php 第 171 行.
INFO: Run Behavior\ParseTemplateBehavior [ RunTime:0.177465s ]
INFO: [ view_parse ] --END-- [ RunTime:0.177530s ]
INFO: [ view_filter ] --START--
INFO: Run Behavior\WriteHtmlCacheBehavior [ RunTime:0.000444s ]
INFO: [ view_filter ] --END-- [ RunTime:0.000490s ]
INFO: [ app_end ] --START--
INFO: Run Behavior\ShowPageTraceBehavior [ RunTime:0.000938s ]
INFO: [ app_end ] --END-- [ RunTime:0.001017s ]

[ 2017-08-05T13:40:03+08:00 ] 127.0.0.1 /MyProject/blog/
INFO: [ app_init ] --START--
INFO: Run Behavior\BuildLiteBehavior [ RunTime:0.000017s ]
INFO: [ app_init ] --END-- [ RunTime:0.000611s ]
INFO: [ app_begin ] --START--
INFO: Run Behavior\ReadHtmlCacheBehavior [ RunTime:0.000791s ]
INFO: [ app_begin ] --END-- [ RunTime:0.000881s ]
NOTIC: [8192] mysql_connect(): The mysql extension is deprecated and will be removed in the future: use mysqli or PDO instead D:\phpStudy\WWW\MyProject\blog\ThinkPHP\Library\Think\Db\Driver\Mysql.class.php 第 52 行.
SQL: SHOW COLUMNS FROM `tb_article` [ RunTime:0.050417s ]
SQL: SHOW COLUMNS FROM `tb_visitors` [ RunTime:0.040901s ]
SQL: INSERT INTO `tb_visitors` (`ip`,`ipdate`,`address`) VALUES ('127.0.0.1','2017-08-05 13:40:02','未分配或者内网IP') [ RunTime:0.042970s ]
SQL: SELECT COUNT(*) AS tp_count FROM `tb_article` LIMIT 1   [ RunTime:0.037556s ]
SQL: SELECT * FROM `tb_article` WHERE ( `ispublic` = '0' ) ORDER BY articletime desc LIMIT 0,7   [ RunTime:0.087223s ]
SQL: SHOW COLUMNS FROM tb_article_tag as at [ RunTime:0.037542s ]
ERR: 1064:You have an error in your SQL syntax; check the manual that corresponds to your MySQL server version for the right syntax to use near 'as at' at line 1
 [ SQL语句 ] : SHOW COLUMNS FROM tb_article_tag as at
SQL: SELECT * FROM tb_article_tag as at INNER JOIN tb_tag as t on at.tagid=t.id   [ RunTime:0.045220s ]
SQL: SHOW COLUMNS FROM `tb_article` [ RunTime:0.040061s ]
SQL: SELECT * FROM `tb_article` ORDER BY views desc  [ RunTime:0.195647s ]
SQL: SELECT * FROM `tb_article` ORDER BY articletime desc  [ RunTime:0.131769s ]
SQL: SHOW COLUMNS FROM `tb_friendlylink` [ RunTime:0.038032s ]
SQL: SELECT * FROM `tb_friendlylink`  [ RunTime:0.040262s ]
SQL: SHOW COLUMNS FROM `tb_tag` [ RunTime:0.041453s ]
SQL: SELECT * FROM `tb_tag`  [ RunTime:0.043787s ]
SQL: SELECT COUNT(distinct(ip)) AS tp_count FROM `tb_visitors` WHERE ( `ip` = 'ip' ) LIMIT 1   [ RunTime:0.039598s ]
INFO: [ view_parse ] --START--
INFO: [ template_filter ] --START--
INFO: Run Behavior\ContentReplaceBehavior [ RunTime:0.000146s ]
INFO: [ template_filter ] --END-- [ RunTime:0.000210s ]
NOTIC: [8] Undefined variable: data D:\phpStudy\WWW\MyProject\blog\Application\Runtime\Cache\Home\2a94b8bda04ff446dcedd42276fc99ee.php 第 169 行.
NOTIC: [8] Undefined variable: data D:\phpStudy\WWW\MyProject\blog\Application\Runtime\Cache\Home\2a94b8bda04ff446dcedd42276fc99ee.php 第 171 行.
INFO: Run Behavior\ParseTemplateBehavior [ RunTime:0.172892s ]
INFO: [ view_parse ] --END-- [ RunTime:0.172995s ]
INFO: [ view_filter ] --START--
INFO: Run Behavior\WriteHtmlCacheBehavior [ RunTime:0.001342s ]
INFO: [ view_filter ] --END-- [ RunTime:0.001451s ]
INFO: [ app_end ] --START--
INFO: Run Behavior\ShowPageTraceBehavior [ RunTime:0.001407s ]
INFO: [ app_end ] --END-- [ RunTime:0.001496s ]

[ 2017-08-05T13:41:53+08:00 ] 127.0.0.1 /blog/
INFO: [ app_init ] --START--
INFO: Run Behavior\BuildLiteBehavior [ RunTime:0.000022s ]
INFO: [ app_init ] --END-- [ RunTime:0.019007s ]
INFO: [ app_begin ] --START--
INFO: Run Behavior\ReadHtmlCacheBehavior [ RunTime:0.029621s ]
INFO: [ app_begin ] --END-- [ RunTime:0.029698s ]
NOTIC: [8192] mysql_connect(): The mysql extension is deprecated and will be removed in the future: use mysqli or PDO instead D:\phpStudy\WWW\blog\ThinkPHP\Library\Think\Db\Driver\Mysql.class.php 第 52 行.
SQL: SHOW COLUMNS FROM `tb_article` [ RunTime:0.041564s ]
SQL: SHOW COLUMNS FROM `tb_visitors` [ RunTime:0.045030s ]
SQL: INSERT INTO `tb_visitors` (`ip`,`ipdate`,`address`) VALUES ('127.0.0.1','2017-08-05 13:41:51','未分配或者内网IP') [ RunTime:0.047446s ]
SQL: SELECT COUNT(*) AS tp_count FROM `tb_article` LIMIT 1   [ RunTime:0.039482s ]
SQL: SELECT * FROM `tb_article` WHERE ( `ispublic` = '0' ) ORDER BY articletime desc LIMIT 0,7   [ RunTime:0.079028s ]
SQL: SHOW COLUMNS FROM tb_article_tag as at [ RunTime:0.039046s ]
ERR: 1064:You have an error in your SQL syntax; check the manual that corresponds to your MySQL server version for the right syntax to use near 'as at' at line 1
 [ SQL语句 ] : SHOW COLUMNS FROM tb_article_tag as at
SQL: SELECT * FROM tb_article_tag as at INNER JOIN tb_tag as t on at.tagid=t.id   [ RunTime:0.041599s ]
SQL: SHOW COLUMNS FROM `tb_article` [ RunTime:0.046329s ]
SQL: SELECT * FROM `tb_article` ORDER BY views desc  [ RunTime:0.205128s ]
SQL: SELECT * FROM `tb_article` ORDER BY articletime desc  [ RunTime:0.127209s ]
SQL: SHOW COLUMNS FROM `tb_friendlylink` [ RunTime:0.040507s ]
SQL: SELECT * FROM `tb_friendlylink`  [ RunTime:0.039803s ]
SQL: SHOW COLUMNS FROM `tb_tag` [ RunTime:0.039990s ]
SQL: SELECT * FROM `tb_tag`  [ RunTime:0.038951s ]
SQL: SELECT COUNT(distinct(ip)) AS tp_count FROM `tb_visitors` WHERE ( `ip` = 'ip' ) LIMIT 1   [ RunTime:0.039587s ]
INFO: [ view_parse ] --START--
INFO: [ template_filter ] --START--
INFO: Run Behavior\ContentReplaceBehavior [ RunTime:0.000399s ]
INFO: [ template_filter ] --END-- [ RunTime:0.000600s ]
NOTIC: [8] Undefined variable: data D:\phpStudy\WWW\blog\Application\Runtime\Cache\Home\2a94b8bda04ff446dcedd42276fc99ee.php 第 169 行.
NOTIC: [8] Undefined variable: data D:\phpStudy\WWW\blog\Application\Runtime\Cache\Home\2a94b8bda04ff446dcedd42276fc99ee.php 第 171 行.
INFO: Run Behavior\ParseTemplateBehavior [ RunTime:0.397732s ]
INFO: [ view_parse ] --END-- [ RunTime:0.397784s ]
INFO: [ view_filter ] --START--
INFO: Run Behavior\WriteHtmlCacheBehavior [ RunTime:0.021560s ]
INFO: [ view_filter ] --END-- [ RunTime:0.021624s ]
INFO: [ app_end ] --START--
INFO: Run Behavior\ShowPageTraceBehavior [ RunTime:0.014349s ]
INFO: [ app_end ] --END-- [ RunTime:0.014439s ]

[ 2017-08-05T13:49:17+08:00 ] 127.0.0.1 /blog/
INFO: [ app_init ] --START--
INFO: Run Behavior\BuildLiteBehavior [ RunTime:0.000016s ]
INFO: [ app_init ] --END-- [ RunTime:0.000562s ]
INFO: [ app_begin ] --START--
INFO: Run Behavior\ReadHtmlCacheBehavior [ RunTime:0.000729s ]
INFO: [ app_begin ] --END-- [ RunTime:0.000808s ]
NOTIC: [8192] mysql_connect(): The mysql extension is deprecated and will be removed in the future: use mysqli or PDO instead D:\phpStudy\WWW\blog\ThinkPHP\Library\Think\Db\Driver\Mysql.class.php 第 52 行.
SQL: SHOW COLUMNS FROM `tb_article` [ RunTime:0.050535s ]
SQL: SHOW COLUMNS FROM `tb_visitors` [ RunTime:0.040312s ]
SQL: INSERT INTO `tb_visitors` (`ip`,`ipdate`,`address`) VALUES ('127.0.0.1','2017-08-05 13:49:16','未分配或者内网IP') [ RunTime:0.041214s ]
SQL: SELECT COUNT(*) AS tp_count FROM `tb_article` LIMIT 1   [ RunTime:0.042271s ]
SQL: SELECT * FROM `tb_article` WHERE ( `ispublic` = '0' ) ORDER BY articletime desc LIMIT 0,7   [ RunTime:0.082949s ]
SQL: SHOW COLUMNS FROM tb_article_tag as at [ RunTime:0.047097s ]
ERR: 1064:You have an error in your SQL syntax; check the manual that corresponds to your MySQL server version for the right syntax to use near 'as at' at line 1
 [ SQL语句 ] : SHOW COLUMNS FROM tb_article_tag as at
SQL: SELECT * FROM tb_article_tag as at INNER JOIN tb_tag as t on at.tagid=t.id   [ RunTime:0.039569s ]
SQL: SHOW COLUMNS FROM `tb_article` [ RunTime:0.040072s ]
SQL: SELECT * FROM `tb_article` ORDER BY views desc  [ RunTime:0.227467s ]
SQL: SELECT * FROM `tb_article` ORDER BY articletime desc  [ RunTime:0.161919s ]
SQL: SHOW COLUMNS FROM `tb_friendlylink` [ RunTime:0.043098s ]
SQL: SELECT * FROM `tb_friendlylink`  [ RunTime:0.038675s ]
SQL: SHOW COLUMNS FROM `tb_tag` [ RunTime:0.040465s ]
SQL: SELECT * FROM `tb_tag`  [ RunTime:0.041120s ]
SQL: SELECT COUNT(distinct(ip)) AS tp_count FROM `tb_visitors` WHERE ( `ip` = 'ip' ) LIMIT 1   [ RunTime:0.042557s ]
INFO: [ view_parse ] --START--
INFO: [ template_filter ] --START--
INFO: Run Behavior\ContentReplaceBehavior [ RunTime:0.000358s ]
INFO: [ template_filter ] --END-- [ RunTime:0.000480s ]
NOTIC: [8] Undefined variable: data D:\phpStudy\WWW\blog\Application\Runtime\Cache\Home\2a94b8bda04ff446dcedd42276fc99ee.php 第 169 行.
NOTIC: [8] Undefined variable: data D:\phpStudy\WWW\blog\Application\Runtime\Cache\Home\2a94b8bda04ff446dcedd42276fc99ee.php 第 171 行.
INFO: Run Behavior\ParseTemplateBehavior [ RunTime:0.198761s ]
INFO: [ view_parse ] --END-- [ RunTime:0.198907s ]
INFO: [ view_filter ] --START--
INFO: Run Behavior\WriteHtmlCacheBehavior [ RunTime:0.000479s ]
INFO: [ view_filter ] --END-- [ RunTime:0.000541s ]
INFO: [ app_end ] --START--
INFO: Run Behavior\ShowPageTraceBehavior [ RunTime:0.001180s ]
INFO: [ app_end ] --END-- [ RunTime:0.001257s ]

[ 2017-08-05T13:50:13+08:00 ] 127.0.0.1 /blog/
INFO: [ app_init ] --START--
INFO: Run Behavior\BuildLiteBehavior [ RunTime:0.000016s ]
INFO: [ app_init ] --END-- [ RunTime:0.000587s ]
INFO: [ app_begin ] --START--
INFO: Run Behavior\ReadHtmlCacheBehavior [ RunTime:0.000503s ]
INFO: [ app_begin ] --END-- [ RunTime:0.000552s ]
NOTIC: [8192] mysql_connect(): The mysql extension is deprecated and will be removed in the future: use mysqli or PDO instead D:\phpStudy\WWW\blog\ThinkPHP\Library\Think\Db\Driver\Mysql.class.php 第 52 行.
SQL: SHOW COLUMNS FROM `tb_article` [ RunTime:0.040230s ]
SQL: SHOW COLUMNS FROM `tb_visitors` [ RunTime:0.039987s ]
SQL: INSERT INTO `tb_visitors` (`ip`,`ipdate`,`address`) VALUES ('127.0.0.1','2017-08-05 13:50:12','未分配或者内网IP') [ RunTime:0.046362s ]
SQL: SELECT COUNT(*) AS tp_count FROM `tb_article` LIMIT 1   [ RunTime:0.038932s ]
SQL: SELECT * FROM `tb_article` WHERE ( `ispublic` = '0' ) ORDER BY articletime desc LIMIT 0,7   [ RunTime:0.080091s ]
SQL: SHOW COLUMNS FROM tb_article_tag as at [ RunTime:0.038983s ]
ERR: 1064:You have an error in your SQL syntax; check the manual that corresponds to your MySQL server version for the right syntax to use near 'as at' at line 1
 [ SQL语句 ] : SHOW COLUMNS FROM tb_article_tag as at
SQL: SELECT * FROM tb_article_tag as at INNER JOIN tb_tag as t on at.tagid=t.id   [ RunTime:0.039426s ]
SQL: SHOW COLUMNS FROM `tb_article` [ RunTime:0.039781s ]
SQL: SELECT * FROM `tb_article` ORDER BY views desc  [ RunTime:0.188170s ]
SQL: SELECT * FROM `tb_article` ORDER BY articletime desc  [ RunTime:0.126016s ]
SQL: SHOW COLUMNS FROM `tb_friendlylink` [ RunTime:0.043587s ]
SQL: SELECT * FROM `tb_friendlylink`  [ RunTime:0.044024s ]
SQL: SHOW COLUMNS FROM `tb_tag` [ RunTime:0.045495s ]
SQL: SELECT * FROM `tb_tag`  [ RunTime:0.041184s ]
SQL: SELECT COUNT(distinct(ip)) AS tp_count FROM `tb_visitors` WHERE ( `ip` = 'ip' ) LIMIT 1   [ RunTime:0.062479s ]
INFO: [ view_parse ] --START--
INFO: [ template_filter ] --START--
INFO: Run Behavior\ContentReplaceBehavior [ RunTime:0.000207s ]
INFO: [ template_filter ] --END-- [ RunTime:0.000309s ]
NOTIC: [8] Undefined variable: data D:\phpStudy\WWW\blog\Application\Runtime\Cache\Home\2a94b8bda04ff446dcedd42276fc99ee.php 第 169 行.
NOTIC: [8] Undefined variable: data D:\phpStudy\WWW\blog\Application\Runtime\Cache\Home\2a94b8bda04ff446dcedd42276fc99ee.php 第 171 行.
INFO: Run Behavior\ParseTemplateBehavior [ RunTime:0.183388s ]
INFO: [ view_parse ] --END-- [ RunTime:0.183451s ]
INFO: [ view_filter ] --START--
INFO: Run Behavior\WriteHtmlCacheBehavior [ RunTime:0.000463s ]
INFO: [ view_filter ] --END-- [ RunTime:0.000510s ]
INFO: [ app_end ] --START--
INFO: Run Behavior\ShowPageTraceBehavior [ RunTime:0.000859s ]
INFO: [ app_end ] --END-- [ RunTime:0.000946s ]

[ 2017-08-05T14:19:35+08:00 ] 127.0.0.1 /blog/
INFO: [ app_init ] --START--
INFO: Run Behavior\BuildLiteBehavior [ RunTime:0.000016s ]
INFO: [ app_init ] --END-- [ RunTime:0.000607s ]
INFO: [ app_begin ] --START--
INFO: Run Behavior\ReadHtmlCacheBehavior [ RunTime:0.000732s ]
INFO: [ app_begin ] --END-- [ RunTime:0.000810s ]
NOTIC: [8192] mysql_connect(): The mysql extension is deprecated and will be removed in the future: use mysqli or PDO instead D:\phpStudy\WWW\blog\ThinkPHP\Library\Think\Db\Driver\Mysql.class.php 第 52 行.
SQL: SHOW COLUMNS FROM `tb_article` [ RunTime:0.042818s ]
SQL: SHOW COLUMNS FROM `tb_visitors` [ RunTime:0.042922s ]
SQL: INSERT INTO `tb_visitors` (`ip`,`ipdate`,`address`) VALUES ('127.0.0.1','2017-08-05 14:19:33','未分配或者内网IP') [ RunTime:0.042359s ]
SQL: SELECT COUNT(*) AS tp_count FROM `tb_article` LIMIT 1   [ RunTime:0.044700s ]
SQL: SELECT * FROM `tb_article` WHERE ( `ispublic` = '0' ) ORDER BY articletime desc LIMIT 0,7   [ RunTime:0.097530s ]
SQL: SHOW COLUMNS FROM tb_article_tag as at [ RunTime:1.091145s ]
ERR: 1064:You have an error in your SQL syntax; check the manual that corresponds to your MySQL server version for the right syntax to use near 'as at' at line 1
 [ SQL语句 ] : SHOW COLUMNS FROM tb_article_tag as at
SQL: SELECT * FROM tb_article_tag as at INNER JOIN tb_tag as t on at.tagid=t.id   [ RunTime:0.039591s ]
SQL: SHOW COLUMNS FROM `tb_article` [ RunTime:0.040975s ]
SQL: SELECT * FROM `tb_article` ORDER BY views desc  [ RunTime:0.224742s ]
SQL: SELECT * FROM `tb_article` ORDER BY articletime desc  [ RunTime:0.140381s ]
SQL: SHOW COLUMNS FROM `tb_friendlylink` [ RunTime:0.039279s ]
SQL: SELECT * FROM `tb_friendlylink`  [ RunTime:0.052255s ]
SQL: SHOW COLUMNS FROM `tb_tag` [ RunTime:0.040935s ]
SQL: SELECT * FROM `tb_tag`  [ RunTime:0.038795s ]
SQL: SELECT COUNT(distinct(ip)) AS tp_count FROM `tb_visitors` WHERE ( `ip` = 'ip' ) LIMIT 1   [ RunTime:0.039873s ]
INFO: [ view_parse ] --START--
INFO: [ template_filter ] --START--
INFO: Run Behavior\ContentReplaceBehavior [ RunTime:0.000127s ]
INFO: [ template_filter ] --END-- [ RunTime:0.000190s ]
NOTIC: [8] Undefined variable: data D:\phpStudy\WWW\blog\Application\Runtime\Cache\Home\2a94b8bda04ff446dcedd42276fc99ee.php 第 169 行.
NOTIC: [8] Undefined variable: data D:\phpStudy\WWW\blog\Application\Runtime\Cache\Home\2a94b8bda04ff446dcedd42276fc99ee.php 第 171 行.
INFO: Run Behavior\ParseTemplateBehavior [ RunTime:0.176030s ]
INFO: [ view_parse ] --END-- [ RunTime:0.176099s ]
INFO: [ view_filter ] --START--
INFO: Run Behavior\WriteHtmlCacheBehavior [ RunTime:0.000559s ]
INFO: [ view_filter ] --END-- [ RunTime:0.000608s ]
INFO: [ app_end ] --START--
INFO: Run Behavior\ShowPageTraceBehavior [ RunTime:0.000810s ]
INFO: [ app_end ] --END-- [ RunTime:0.000880s ]

[ 2017-08-05T14:35:48+08:00 ] 127.0.0.1 /blog/
INFO: [ app_init ] --START--
INFO: Run Behavior\BuildLiteBehavior [ RunTime:0.000016s ]
INFO: [ app_init ] --END-- [ RunTime:0.000504s ]
INFO: [ app_begin ] --START--
INFO: Run Behavior\ReadHtmlCacheBehavior [ RunTime:0.000652s ]
INFO: [ app_begin ] --END-- [ RunTime:0.000722s ]
NOTIC: [8192] mysql_connect(): The mysql extension is deprecated and will be removed in the future: use mysqli or PDO instead D:\phpStudy\WWW\blog\ThinkPHP\Library\Think\Db\Driver\Mysql.class.php 第 52 行.
SQL: SHOW COLUMNS FROM `tb_article` [ RunTime:0.038898s ]
SQL: SHOW COLUMNS FROM `tb_visitors` [ RunTime:0.040703s ]
SQL: INSERT INTO `tb_visitors` (`ip`,`ipdate`,`address`) VALUES ('127.0.0.1','2017-08-05 14:35:47','未分配或者内网IP') [ RunTime:0.041048s ]
SQL: SELECT COUNT(*) AS tp_count FROM `tb_article` LIMIT 1   [ RunTime:0.044692s ]
SQL: SELECT * FROM `tb_article` WHERE ( `ispublic` = '0' ) ORDER BY articletime desc LIMIT 0,7   [ RunTime:0.080373s ]
SQL: SHOW COLUMNS FROM tb_article_tag as at [ RunTime:0.038955s ]
ERR: 1064:You have an error in your SQL syntax; check the manual that corresponds to your MySQL server version for the right syntax to use near 'as at' at line 1
 [ SQL语句 ] : SHOW COLUMNS FROM tb_article_tag as at
SQL: SELECT * FROM tb_article_tag as at INNER JOIN tb_tag as t on at.tagid=t.id   [ RunTime:0.038583s ]
SQL: SHOW COLUMNS FROM `tb_article` [ RunTime:0.038284s ]
SQL: SELECT * FROM `tb_article` ORDER BY views desc  [ RunTime:0.195251s ]
SQL: SELECT * FROM `tb_article` ORDER BY articletime desc  [ RunTime:0.124260s ]
SQL: SHOW COLUMNS FROM `tb_friendlylink` [ RunTime:0.044832s ]
SQL: SELECT * FROM `tb_friendlylink`  [ RunTime:0.038242s ]
SQL: SHOW COLUMNS FROM `tb_tag` [ RunTime:0.043902s ]
SQL: SELECT * FROM `tb_tag`  [ RunTime:0.037932s ]
SQL: SELECT COUNT(distinct(ip)) AS tp_count FROM `tb_visitors` WHERE ( `ip` = 'ip' ) LIMIT 1   [ RunTime:0.038588s ]
INFO: [ view_parse ] --START--
INFO: [ template_filter ] --START--
INFO: Run Behavior\ContentReplaceBehavior [ RunTime:0.000147s ]
INFO: [ template_filter ] --END-- [ RunTime:0.000216s ]
NOTIC: [8] Undefined variable: data D:\phpStudy\WWW\blog\Application\Runtime\Cache\Home\2a94b8bda04ff446dcedd42276fc99ee.php 第 169 行.
NOTIC: [8] Undefined variable: data D:\phpStudy\WWW\blog\Application\Runtime\Cache\Home\2a94b8bda04ff446dcedd42276fc99ee.php 第 171 行.
INFO: Run Behavior\ParseTemplateBehavior [ RunTime:0.165248s ]
INFO: [ view_parse ] --END-- [ RunTime:0.165318s ]
INFO: [ view_filter ] --START--
INFO: Run Behavior\WriteHtmlCacheBehavior [ RunTime:0.000655s ]
INFO: [ view_filter ] --END-- [ RunTime:0.000723s ]
INFO: [ app_end ] --START--
INFO: Run Behavior\ShowPageTraceBehavior [ RunTime:0.001043s ]
INFO: [ app_end ] --END-- [ RunTime:0.001158s ]

[ 2017-08-05T14:36:40+08:00 ] 127.0.0.1 /blog/
INFO: [ app_init ] --START--
INFO: Run Behavior\BuildLiteBehavior [ RunTime:0.000013s ]
INFO: [ app_init ] --END-- [ RunTime:0.000471s ]
INFO: [ app_begin ] --START--
INFO: Run Behavior\ReadHtmlCacheBehavior [ RunTime:0.000529s ]
INFO: [ app_begin ] --END-- [ RunTime:0.000584s ]
NOTIC: [8192] mysql_connect(): The mysql extension is deprecated and will be removed in the future: use mysqli or PDO instead D:\phpStudy\WWW\blog\ThinkPHP\Library\Think\Db\Driver\Mysql.class.php 第 52 行.
SQL: SHOW COLUMNS FROM `tb_article` [ RunTime:0.039154s ]
SQL: SHOW COLUMNS FROM `tb_visitors` [ RunTime:0.038865s ]
SQL: INSERT INTO `tb_visitors` (`ip`,`ipdate`,`address`) VALUES ('127.0.0.1','2017-08-05 14:36:38','未分配或者内网IP') [ RunTime:0.364078s ]
SQL: SELECT COUNT(*) AS tp_count FROM `tb_article` LIMIT 1   [ RunTime:0.038301s ]
SQL: SELECT * FROM `tb_article` WHERE ( `ispublic` = '0' ) ORDER BY articletime desc LIMIT 0,7   [ RunTime:0.080906s ]
SQL: SHOW COLUMNS FROM tb_article_tag as at [ RunTime:0.039250s ]
ERR: 1064:You have an error in your SQL syntax; check the manual that corresponds to your MySQL server version for the right syntax to use near 'as at' at line 1
 [ SQL语句 ] : SHOW COLUMNS FROM tb_article_tag as at
SQL: SELECT * FROM tb_article_tag as at INNER JOIN tb_tag as t on at.tagid=t.id   [ RunTime:0.039153s ]
SQL: SHOW COLUMNS FROM `tb_article` [ RunTime:0.040816s ]
SQL: SELECT * FROM `tb_article` ORDER BY views desc  [ RunTime:0.534156s ]
SQL: SELECT * FROM `tb_article` ORDER BY articletime desc  [ RunTime:0.251736s ]
SQL: SHOW COLUMNS FROM `tb_friendlylink` [ RunTime:0.040336s ]
SQL: SELECT * FROM `tb_friendlylink`  [ RunTime:0.038249s ]
SQL: SHOW COLUMNS FROM `tb_tag` [ RunTime:0.039511s ]
SQL: SELECT * FROM `tb_tag`  [ RunTime:0.040892s ]
SQL: SELECT COUNT(distinct(ip)) AS tp_count FROM `tb_visitors` WHERE ( `ip` = 'ip' ) LIMIT 1   [ RunTime:0.040933s ]
INFO: [ view_parse ] --START--
INFO: [ template_filter ] --START--
INFO: Run Behavior\ContentReplaceBehavior [ RunTime:0.000216s ]
INFO: [ template_filter ] --END-- [ RunTime:0.000323s ]
NOTIC: [8] Undefined variable: data D:\phpStudy\WWW\blog\Application\Runtime\Cache\Home\2a94b8bda04ff446dcedd42276fc99ee.php 第 169 行.
NOTIC: [8] Undefined variable: data D:\phpStudy\WWW\blog\Application\Runtime\Cache\Home\2a94b8bda04ff446dcedd42276fc99ee.php 第 171 行.
INFO: Run Behavior\ParseTemplateBehavior [ RunTime:0.182236s ]
INFO: [ view_parse ] --END-- [ RunTime:0.182289s ]
INFO: [ view_filter ] --START--
INFO: Run Behavior\WriteHtmlCacheBehavior [ RunTime:0.000434s ]
INFO: [ view_filter ] --END-- [ RunTime:0.000479s ]
INFO: [ app_end ] --START--
INFO: Run Behavior\ShowPageTraceBehavior [ RunTime:0.000771s ]
INFO: [ app_end ] --END-- [ RunTime:0.000838s ]

[ 2017-08-05T14:37:08+08:00 ] 127.0.0.1 /blog/
INFO: [ app_init ] --START--
INFO: Run Behavior\BuildLiteBehavior [ RunTime:0.000018s ]
INFO: [ app_init ] --END-- [ RunTime:0.000615s ]
INFO: [ app_begin ] --START--
INFO: Run Behavior\ReadHtmlCacheBehavior [ RunTime:0.000709s ]
INFO: [ app_begin ] --END-- [ RunTime:0.000784s ]
NOTIC: [8192] mysql_connect(): The mysql extension is deprecated and will be removed in the future: use mysqli or PDO instead D:\phpStudy\WWW\blog\ThinkPHP\Library\Think\Db\Driver\Mysql.class.php 第 52 行.
SQL: SHOW COLUMNS FROM `tb_article` [ RunTime:0.042211s ]
SQL: SHOW COLUMNS FROM `tb_visitors` [ RunTime:0.040731s ]
SQL: INSERT INTO `tb_visitors` (`ip`,`ipdate`,`address`) VALUES ('127.0.0.1','2017-08-05 14:37:07','未分配或者内网IP') [ RunTime:0.050968s ]
SQL: SELECT COUNT(*) AS tp_count FROM `tb_article` LIMIT 1   [ RunTime:0.038644s ]
SQL: SELECT * FROM `tb_article` WHERE ( `ispublic` = '0' ) ORDER BY articletime desc LIMIT 0,7   [ RunTime:0.081995s ]
SQL: SHOW COLUMNS FROM tb_article_tag as at [ RunTime:0.043139s ]
ERR: 1064:You have an error in your SQL syntax; check the manual that corresponds to your MySQL server version for the right syntax to use near 'as at' at line 1
 [ SQL语句 ] : SHOW COLUMNS FROM tb_article_tag as at
SQL: SELECT * FROM tb_article_tag as at INNER JOIN tb_tag as t on at.tagid=t.id   [ RunTime:0.039082s ]
SQL: SHOW COLUMNS FROM `tb_article` [ RunTime:0.039076s ]
SQL: SELECT * FROM `tb_article` ORDER BY views desc  [ RunTime:0.209438s ]
SQL: SELECT * FROM `tb_article` ORDER BY articletime desc  [ RunTime:0.684470s ]
SQL: SHOW COLUMNS FROM `tb_friendlylink` [ RunTime:0.038706s ]
SQL: SELECT * FROM `tb_friendlylink`  [ RunTime:0.039532s ]
SQL: SHOW COLUMNS FROM `tb_tag` [ RunTime:0.039718s ]
SQL: SELECT * FROM `tb_tag`  [ RunTime:0.042567s ]
SQL: SELECT COUNT(distinct(ip)) AS tp_count FROM `tb_visitors` WHERE ( `ip` = 'ip' ) LIMIT 1   [ RunTime:0.038403s ]
INFO: [ view_parse ] --START--
INFO: [ template_filter ] --START--
INFO: Run Behavior\ContentReplaceBehavior [ RunTime:0.000152s ]
INFO: [ template_filter ] --END-- [ RunTime:0.000209s ]
NOTIC: [8] Undefined variable: data D:\phpStudy\WWW\blog\Application\Runtime\Cache\Home\2a94b8bda04ff446dcedd42276fc99ee.php 第 169 行.
NOTIC: [8] Undefined variable: data D:\phpStudy\WWW\blog\Application\Runtime\Cache\Home\2a94b8bda04ff446dcedd42276fc99ee.php 第 171 行.
INFO: Run Behavior\ParseTemplateBehavior [ RunTime:0.176710s ]
INFO: [ view_parse ] --END-- [ RunTime:0.176773s ]
INFO: [ view_filter ] --START--
INFO: Run Behavior\WriteHtmlCacheBehavior [ RunTime:0.000494s ]
INFO: [ view_filter ] --END-- [ RunTime:0.000540s ]
INFO: [ app_end ] --START--
INFO: Run Behavior\ShowPageTraceBehavior [ RunTime:0.000816s ]
INFO: [ app_end ] --END-- [ RunTime:0.000890s ]

[ 2017-08-05T14:38:29+08:00 ] 127.0.0.1 /blog/
INFO: [ app_init ] --START--
INFO: Run Behavior\BuildLiteBehavior [ RunTime:0.000016s ]
INFO: [ app_init ] --END-- [ RunTime:0.000630s ]
INFO: [ app_begin ] --START--
INFO: Run Behavior\ReadHtmlCacheBehavior [ RunTime:0.000554s ]
INFO: [ app_begin ] --END-- [ RunTime:0.000608s ]
NOTIC: [8192] mysql_connect(): The mysql extension is deprecated and will be removed in the future: use mysqli or PDO instead D:\phpStudy\WWW\blog\ThinkPHP\Library\Think\Db\Driver\Mysql.class.php 第 52 行.
SQL: SHOW COLUMNS FROM `tb_article` [ RunTime:0.045551s ]
SQL: SHOW COLUMNS FROM `tb_visitors` [ RunTime:0.043776s ]
SQL: INSERT INTO `tb_visitors` (`ip`,`ipdate`,`address`) VALUES ('127.0.0.1','2017-08-05 14:38:28','未分配或者内网IP') [ RunTime:0.045513s ]
SQL: SELECT COUNT(*) AS tp_count FROM `tb_article` LIMIT 1   [ RunTime:0.039216s ]
SQL: SELECT * FROM `tb_article` WHERE ( `ispublic` = '0' ) ORDER BY articletime desc LIMIT 0,7   [ RunTime:0.099646s ]
SQL: SHOW COLUMNS FROM tb_article_tag as at [ RunTime:0.036943s ]
ERR: 1064:You have an error in your SQL syntax; check the manual that corresponds to your MySQL server version for the right syntax to use near 'as at' at line 1
 [ SQL语句 ] : SHOW COLUMNS FROM tb_article_tag as at
SQL: SELECT * FROM tb_article_tag as at INNER JOIN tb_tag as t on at.tagid=t.id   [ RunTime:0.037939s ]
SQL: SHOW COLUMNS FROM `tb_article` [ RunTime:0.037907s ]
SQL: SELECT * FROM `tb_article` ORDER BY views desc  [ RunTime:0.173690s ]
SQL: SELECT * FROM `tb_article` ORDER BY articletime desc  [ RunTime:0.124006s ]
SQL: SHOW COLUMNS FROM `tb_friendlylink` [ RunTime:0.042345s ]
SQL: SELECT * FROM `tb_friendlylink`  [ RunTime:0.037630s ]
SQL: SHOW COLUMNS FROM `tb_tag` [ RunTime:0.040086s ]
SQL: SELECT * FROM `tb_tag`  [ RunTime:0.037765s ]
SQL: SELECT COUNT(distinct(ip)) AS tp_count FROM `tb_visitors` WHERE ( `ip` = 'ip' ) LIMIT 1   [ RunTime:0.040647s ]
INFO: [ view_parse ] --START--
INFO: [ template_filter ] --START--
INFO: Run Behavior\ContentReplaceBehavior [ RunTime:0.000125s ]
INFO: [ template_filter ] --END-- [ RunTime:0.000188s ]
NOTIC: [8] Undefined variable: data D:\phpStudy\WWW\blog\Application\Runtime\Cache\Home\2a94b8bda04ff446dcedd42276fc99ee.php 第 169 行.
NOTIC: [8] Undefined variable: data D:\phpStudy\WWW\blog\Application\Runtime\Cache\Home\2a94b8bda04ff446dcedd42276fc99ee.php 第 171 行.
INFO: Run Behavior\ParseTemplateBehavior [ RunTime:0.164471s ]
INFO: [ view_parse ] --END-- [ RunTime:0.164530s ]
INFO: [ view_filter ] --START--
INFO: Run Behavior\WriteHtmlCacheBehavior [ RunTime:0.000315s ]
INFO: [ view_filter ] --END-- [ RunTime:0.000358s ]
INFO: [ app_end ] --START--
INFO: Run Behavior\ShowPageTraceBehavior [ RunTime:0.000802s ]
INFO: [ app_end ] --END-- [ RunTime:0.000890s ]

[ 2017-08-05T14:42:33+08:00 ] 127.0.0.1 /blog/
INFO: [ app_init ] --START--
INFO: Run Behavior\BuildLiteBehavior [ RunTime:0.000018s ]
INFO: [ app_init ] --END-- [ RunTime:0.000617s ]
INFO: [ app_begin ] --START--
INFO: Run Behavior\ReadHtmlCacheBehavior [ RunTime:0.000587s ]
INFO: [ app_begin ] --END-- [ RunTime:0.000668s ]
NOTIC: [8192] mysql_connect(): The mysql extension is deprecated and will be removed in the future: use mysqli or PDO instead D:\phpStudy\WWW\blog\ThinkPHP\Library\Think\Db\Driver\Mysql.class.php 第 52 行.
SQL: SHOW COLUMNS FROM `tb_article` [ RunTime:0.039045s ]
SQL: SHOW COLUMNS FROM `tb_visitors` [ RunTime:0.037813s ]
SQL: INSERT INTO `tb_visitors` (`ip`,`ipdate`,`address`) VALUES ('127.0.0.1','2017-08-05 14:42:31','未分配或者内网IP') [ RunTime:0.041721s ]
SQL: SELECT COUNT(*) AS tp_count FROM `tb_article` LIMIT 1   [ RunTime:0.038894s ]
SQL: SELECT * FROM `tb_article` WHERE ( `ispublic` = '0' ) ORDER BY articletime desc LIMIT 0,7   [ RunTime:0.079160s ]
SQL: SHOW COLUMNS FROM tb_article_tag as at [ RunTime:0.039535s ]
ERR: 1064:You have an error in your SQL syntax; check the manual that corresponds to your MySQL server version for the right syntax to use near 'as at' at line 1
 [ SQL语句 ] : SHOW COLUMNS FROM tb_article_tag as at
SQL: SELECT * FROM tb_article_tag as at INNER JOIN tb_tag as t on at.tagid=t.id   [ RunTime:0.040686s ]
SQL: SHOW COLUMNS FROM `tb_article` [ RunTime:0.041885s ]
SQL: SELECT * FROM `tb_article` ORDER BY views desc  [ RunTime:0.212752s ]
SQL: SELECT * FROM `tb_article` ORDER BY articletime desc  [ RunTime:0.196006s ]
SQL: SHOW COLUMNS FROM `tb_friendlylink` [ RunTime:0.038088s ]
SQL: SELECT * FROM `tb_friendlylink`  [ RunTime:0.042242s ]
SQL: SHOW COLUMNS FROM `tb_tag` [ RunTime:0.041014s ]
SQL: SELECT * FROM `tb_tag`  [ RunTime:0.038217s ]
SQL: SELECT COUNT(distinct(ip)) AS tp_count FROM `tb_visitors` WHERE ( `ip` = 'ip' ) LIMIT 1   [ RunTime:0.376137s ]
INFO: [ view_parse ] --START--
INFO: [ template_filter ] --START--
INFO: Run Behavior\ContentReplaceBehavior [ RunTime:0.000127s ]
INFO: [ template_filter ] --END-- [ RunTime:0.000189s ]
NOTIC: [8] Undefined variable: data D:\phpStudy\WWW\blog\Application\Runtime\Cache\Home\2a94b8bda04ff446dcedd42276fc99ee.php 第 169 行.
NOTIC: [8] Undefined variable: data D:\phpStudy\WWW\blog\Application\Runtime\Cache\Home\2a94b8bda04ff446dcedd42276fc99ee.php 第 171 行.
INFO: Run Behavior\ParseTemplateBehavior [ RunTime:0.187169s ]
INFO: [ view_parse ] --END-- [ RunTime:0.187248s ]
INFO: [ view_filter ] --START--
INFO: Run Behavior\WriteHtmlCacheBehavior [ RunTime:0.001951s ]
INFO: [ view_filter ] --END-- [ RunTime:0.002062s ]
INFO: [ app_end ] --START--
INFO: Run Behavior\ShowPageTraceBehavior [ RunTime:0.001679s ]
INFO: [ app_end ] --END-- [ RunTime:0.001780s ]

[ 2017-08-05T14:47:19+08:00 ] 127.0.0.1 /blog/
INFO: [ app_init ] --START--
INFO: Run Behavior\BuildLiteBehavior [ RunTime:0.000019s ]
INFO: [ app_init ] --END-- [ RunTime:0.000739s ]
INFO: [ app_begin ] --START--
INFO: Run Behavior\ReadHtmlCacheBehavior [ RunTime:0.000675s ]
INFO: [ app_begin ] --END-- [ RunTime:0.000766s ]
NOTIC: [8192] mysql_connect(): The mysql extension is deprecated and will be removed in the future: use mysqli or PDO instead D:\phpStudy\WWW\blog\ThinkPHP\Library\Think\Db\Driver\Mysql.class.php 第 52 行.
SQL: SHOW COLUMNS FROM `tb_article` [ RunTime:0.037489s ]
SQL: SHOW COLUMNS FROM `tb_visitors` [ RunTime:0.038214s ]
SQL: INSERT INTO `tb_visitors` (`ip`,`ipdate`,`address`) VALUES ('127.0.0.1','2017-08-05 14:47:18','未分配或者内网IP') [ RunTime:0.040499s ]
SQL: SELECT COUNT(*) AS tp_count FROM `tb_article` LIMIT 1   [ RunTime:0.038158s ]
SQL: SELECT * FROM `tb_article` WHERE ( `ispublic` = '0' ) ORDER BY articletime desc LIMIT 0,7   [ RunTime:0.076289s ]
SQL: SHOW COLUMNS FROM tb_article_tag as at [ RunTime:0.037053s ]
ERR: 1064:You have an error in your SQL syntax; check the manual that corresponds to your MySQL server version for the right syntax to use near 'as at' at line 1
 [ SQL语句 ] : SHOW COLUMNS FROM tb_article_tag as at
SQL: SELECT * FROM tb_article_tag as at INNER JOIN tb_tag as t on at.tagid=t.id   [ RunTime:0.038479s ]
SQL: SHOW COLUMNS FROM `tb_article` [ RunTime:0.038133s ]
SQL: SELECT * FROM `tb_article` ORDER BY views desc  [ RunTime:0.498536s ]
SQL: SELECT * FROM `tb_article` ORDER BY articletime desc  [ RunTime:0.245772s ]
SQL: SHOW COLUMNS FROM `tb_friendlylink` [ RunTime:0.039935s ]
SQL: SELECT * FROM `tb_friendlylink`  [ RunTime:0.037401s ]
SQL: SHOW COLUMNS FROM `tb_tag` [ RunTime:0.038763s ]
SQL: SELECT * FROM `tb_tag`  [ RunTime:0.036828s ]
SQL: SELECT COUNT(distinct(ip)) AS tp_count FROM `tb_visitors` WHERE ( `ip` = 'ip' ) LIMIT 1   [ RunTime:0.038016s ]
INFO: [ view_parse ] --START--
INFO: [ template_filter ] --START--
INFO: Run Behavior\ContentReplaceBehavior [ RunTime:0.000123s ]
INFO: [ template_filter ] --END-- [ RunTime:0.000184s ]
NOTIC: [8] Undefined variable: data D:\phpStudy\WWW\blog\Application\Runtime\Cache\Home\2a94b8bda04ff446dcedd42276fc99ee.php 第 169 行.
NOTIC: [8] Undefined variable: data D:\phpStudy\WWW\blog\Application\Runtime\Cache\Home\2a94b8bda04ff446dcedd42276fc99ee.php 第 171 行.
INFO: Run Behavior\ParseTemplateBehavior [ RunTime:0.198733s ]
INFO: [ view_parse ] --END-- [ RunTime:0.198789s ]
INFO: [ view_filter ] --START--
INFO: Run Behavior\WriteHtmlCacheBehavior [ RunTime:0.000371s ]
INFO: [ view_filter ] --END-- [ RunTime:0.000418s ]
INFO: [ app_end ] --START--
INFO: Run Behavior\ShowPageTraceBehavior [ RunTime:0.000860s ]
INFO: [ app_end ] --END-- [ RunTime:0.000948s ]

[ 2017-08-05T14:47:47+08:00 ] 127.0.0.1 /blog/
INFO: [ app_init ] --START--
INFO: Run Behavior\BuildLiteBehavior [ RunTime:0.000020s ]
INFO: [ app_init ] --END-- [ RunTime:0.000576s ]
INFO: [ app_begin ] --START--
INFO: Run Behavior\ReadHtmlCacheBehavior [ RunTime:0.000884s ]
INFO: [ app_begin ] --END-- [ RunTime:0.000979s ]
NOTIC: [8192] mysql_connect(): The mysql extension is deprecated and will be removed in the future: use mysqli or PDO instead D:\phpStudy\WWW\blog\ThinkPHP\Library\Think\Db\Driver\Mysql.class.php 第 52 行.
SQL: SHOW COLUMNS FROM `tb_article` [ RunTime:0.038550s ]
SQL: SHOW COLUMNS FROM `tb_visitors` [ RunTime:0.042084s ]
SQL: INSERT INTO `tb_visitors` (`ip`,`ipdate`,`address`) VALUES ('127.0.0.1','2017-08-05 14:47:46','未分配或者内网IP') [ RunTime:0.042311s ]
SQL: SELECT COUNT(*) AS tp_count FROM `tb_article` LIMIT 1   [ RunTime:0.037201s ]
SQL: SELECT * FROM `tb_article` WHERE ( `ispublic` = '0' ) ORDER BY articletime desc LIMIT 0,7   [ RunTime:0.077981s ]
SQL: SHOW COLUMNS FROM tb_article_tag as at [ RunTime:0.040441s ]
ERR: 1064:You have an error in your SQL syntax; check the manual that corresponds to your MySQL server version for the right syntax to use near 'as at' at line 1
 [ SQL语句 ] : SHOW COLUMNS FROM tb_article_tag as at
SQL: SELECT * FROM tb_article_tag as at INNER JOIN tb_tag as t on at.tagid=t.id   [ RunTime:0.039298s ]
SQL: SHOW COLUMNS FROM `tb_article` [ RunTime:0.041193s ]
SQL: SELECT * FROM `tb_article` ORDER BY views desc  [ RunTime:0.199706s ]
SQL: SELECT * FROM `tb_article` ORDER BY articletime desc  [ RunTime:0.091141s ]
SQL: SHOW COLUMNS FROM `tb_friendlylink` [ RunTime:0.038215s ]
SQL: SELECT * FROM `tb_friendlylink`  [ RunTime:0.043370s ]
SQL: SHOW COLUMNS FROM `tb_tag` [ RunTime:0.039160s ]
SQL: SELECT * FROM `tb_tag`  [ RunTime:0.043359s ]
SQL: SELECT COUNT(distinct(ip)) AS tp_count FROM `tb_visitors` WHERE ( `ip` = 'ip' ) LIMIT 1   [ RunTime:0.038707s ]
INFO: [ view_parse ] --START--
INFO: [ template_filter ] --START--
INFO: Run Behavior\ContentReplaceBehavior [ RunTime:0.000113s ]
INFO: [ template_filter ] --END-- [ RunTime:0.000167s ]
NOTIC: [8] Undefined variable: data D:\phpStudy\WWW\blog\Application\Runtime\Cache\Home\2a94b8bda04ff446dcedd42276fc99ee.php 第 169 行.
NOTIC: [8] Undefined variable: data D:\phpStudy\WWW\blog\Application\Runtime\Cache\Home\2a94b8bda04ff446dcedd42276fc99ee.php 第 171 行.
INFO: Run Behavior\ParseTemplateBehavior [ RunTime:0.194663s ]
INFO: [ view_parse ] --END-- [ RunTime:0.194729s ]
INFO: [ view_filter ] --START--
INFO: Run Behavior\WriteHtmlCacheBehavior [ RunTime:0.000453s ]
INFO: [ view_filter ] --END-- [ RunTime:0.000508s ]
INFO: [ app_end ] --START--
INFO: Run Behavior\ShowPageTraceBehavior [ RunTime:0.001097s ]
INFO: [ app_end ] --END-- [ RunTime:0.001272s ]

[ 2017-08-05T14:55:15+08:00 ] 127.0.0.1 /blog/
INFO: [ app_init ] --START--
INFO: Run Behavior\BuildLiteBehavior [ RunTime:0.000014s ]
INFO: [ app_init ] --END-- [ RunTime:0.000440s ]
INFO: [ app_begin ] --START--
INFO: Run Behavior\ReadHtmlCacheBehavior [ RunTime:0.000626s ]
INFO: [ app_begin ] --END-- [ RunTime:0.000688s ]
NOTIC: [8192] mysql_connect(): The mysql extension is deprecated and will be removed in the future: use mysqli or PDO instead D:\phpStudy\WWW\blog\ThinkPHP\Library\Think\Db\Driver\Mysql.class.php 第 52 行.
SQL: SHOW COLUMNS FROM `tb_article` [ RunTime:0.039700s ]
SQL: SHOW COLUMNS FROM `tb_visitors` [ RunTime:0.040022s ]
SQL: INSERT INTO `tb_visitors` (`ip`,`ipdate`,`address`) VALUES ('127.0.0.1','2017-08-05 14:55:14','未分配或者内网IP') [ RunTime:0.043422s ]
SQL: SELECT COUNT(*) AS tp_count FROM `tb_article` LIMIT 1   [ RunTime:0.040934s ]
SQL: SELECT * FROM `tb_article` WHERE ( `ispublic` = '0' ) ORDER BY articletime desc LIMIT 0,7   [ RunTime:0.083274s ]
SQL: SHOW COLUMNS FROM tb_article_tag as at [ RunTime:0.038731s ]
ERR: 1064:You have an error in your SQL syntax; check the manual that corresponds to your MySQL server version for the right syntax to use near 'as at' at line 1
 [ SQL语句 ] : SHOW COLUMNS FROM tb_article_tag as at
SQL: SELECT * FROM tb_article_tag as at INNER JOIN tb_tag as t on at.tagid=t.id   [ RunTime:0.040359s ]
SQL: SHOW COLUMNS FROM `tb_article` [ RunTime:0.039221s ]
SQL: SELECT * FROM `tb_article` ORDER BY views desc  [ RunTime:0.241943s ]
SQL: SELECT * FROM `tb_article` ORDER BY articletime desc  [ RunTime:0.668167s ]
SQL: SHOW COLUMNS FROM `tb_friendlylink` [ RunTime:0.039506s ]
SQL: SELECT * FROM `tb_friendlylink`  [ RunTime:0.039902s ]
SQL: SHOW COLUMNS FROM `tb_tag` [ RunTime:0.039364s ]
SQL: SELECT * FROM `tb_tag`  [ RunTime:0.039011s ]
SQL: SELECT COUNT(distinct(ip)) AS tp_count FROM `tb_visitors` WHERE ( `ip` = 'ip' ) LIMIT 1   [ RunTime:0.040559s ]
INFO: [ view_parse ] --START--
INFO: [ template_filter ] --START--
INFO: Run Behavior\ContentReplaceBehavior [ RunTime:0.000158s ]
INFO: [ template_filter ] --END-- [ RunTime:0.000214s ]
NOTIC: [8] Undefined variable: data D:\phpStudy\WWW\blog\Application\Runtime\Cache\Home\2a94b8bda04ff446dcedd42276fc99ee.php 第 169 行.
NOTIC: [8] Undefined variable: data D:\phpStudy\WWW\blog\Application\Runtime\Cache\Home\2a94b8bda04ff446dcedd42276fc99ee.php 第 171 行.
INFO: Run Behavior\ParseTemplateBehavior [ RunTime:0.155731s ]
INFO: [ view_parse ] --END-- [ RunTime:0.155791s ]
INFO: [ view_filter ] --START--
INFO: Run Behavior\WriteHtmlCacheBehavior [ RunTime:0.000570s ]
INFO: [ view_filter ] --END-- [ RunTime:0.000622s ]
INFO: [ app_end ] --START--
INFO: Run Behavior\ShowPageTraceBehavior [ RunTime:0.001131s ]
INFO: [ app_end ] --END-- [ RunTime:0.001230s ]

[ 2017-08-05T15:24:36+08:00 ] 127.0.0.1 /blog/
INFO: [ app_init ] --START--
INFO: Run Behavior\BuildLiteBehavior [ RunTime:0.000015s ]
INFO: [ app_init ] --END-- [ RunTime:0.000432s ]
INFO: [ app_begin ] --START--
INFO: Run Behavior\ReadHtmlCacheBehavior [ RunTime:0.000574s ]
INFO: [ app_begin ] --END-- [ RunTime:0.000627s ]
NOTIC: [8192] mysql_connect(): The mysql extension is deprecated and will be removed in the future: use mysqli or PDO instead D:\phpStudy\WWW\blog\ThinkPHP\Library\Think\Db\Driver\Mysql.class.php 第 52 行.
SQL: SHOW COLUMNS FROM `tb_article` [ RunTime:0.041752s ]
SQL: SHOW COLUMNS FROM `tb_visitors` [ RunTime:0.043713s ]
SQL: INSERT INTO `tb_visitors` (`ip`,`ipdate`,`address`) VALUES ('127.0.0.1','2017-08-05 15:24:35','未分配或者内网IP') [ RunTime:0.042414s ]
SQL: SELECT COUNT(*) AS tp_count FROM `tb_article` LIMIT 1   [ RunTime:0.042292s ]
SQL: SELECT * FROM `tb_article` WHERE ( `ispublic` = '0' ) ORDER BY articletime desc LIMIT 0,7   [ RunTime:0.081487s ]
SQL: SHOW COLUMNS FROM tb_article_tag as at [ RunTime:0.042236s ]
ERR: 1064:You have an error in your SQL syntax; check the manual that corresponds to your MySQL server version for the right syntax to use near 'as at' at line 1
 [ SQL语句 ] : SHOW COLUMNS FROM tb_article_tag as at
SQL: SELECT * FROM tb_article_tag as at INNER JOIN tb_tag as t on at.tagid=t.id   [ RunTime:0.039122s ]
SQL: SHOW COLUMNS FROM `tb_article` [ RunTime:0.043047s ]
SQL: SELECT * FROM `tb_article` ORDER BY views desc  [ RunTime:0.200022s ]
SQL: SELECT * FROM `tb_article` ORDER BY articletime desc  [ RunTime:0.126340s ]
SQL: SHOW COLUMNS FROM `tb_friendlylink` [ RunTime:0.041174s ]
SQL: SELECT * FROM `tb_friendlylink`  [ RunTime:0.041149s ]
SQL: SHOW COLUMNS FROM `tb_tag` [ RunTime:0.041219s ]
SQL: SELECT * FROM `tb_tag`  [ RunTime:0.039827s ]
SQL: SELECT COUNT(distinct(ip)) AS tp_count FROM `tb_visitors` WHERE ( `ip` = 'ip' ) LIMIT 1   [ RunTime:0.040219s ]
INFO: [ view_parse ] --START--
INFO: [ template_filter ] --START--
INFO: Run Behavior\ContentReplaceBehavior [ RunTime:0.000126s ]
INFO: [ template_filter ] --END-- [ RunTime:0.000189s ]
NOTIC: [8] Undefined variable: data D:\phpStudy\WWW\blog\Application\Runtime\Cache\Home\2a94b8bda04ff446dcedd42276fc99ee.php 第 169 行.
NOTIC: [8] Undefined variable: data D:\phpStudy\WWW\blog\Application\Runtime\Cache\Home\2a94b8bda04ff446dcedd42276fc99ee.php 第 171 行.
INFO: Run Behavior\ParseTemplateBehavior [ RunTime:0.164075s ]
INFO: [ view_parse ] --END-- [ RunTime:0.164150s ]
INFO: [ view_filter ] --START--
INFO: Run Behavior\WriteHtmlCacheBehavior [ RunTime:0.000375s ]
INFO: [ view_filter ] --END-- [ RunTime:0.000420s ]
INFO: [ app_end ] --START--
INFO: Run Behavior\ShowPageTraceBehavior [ RunTime:0.000846s ]
INFO: [ app_end ] --END-- [ RunTime:0.000913s ]

[ 2017-08-05T15:26:34+08:00 ] 127.0.0.1 /blog/
INFO: [ app_init ] --START--
INFO: Run Behavior\BuildLiteBehavior [ RunTime:0.000019s ]
INFO: [ app_init ] --END-- [ RunTime:0.000627s ]
INFO: [ app_begin ] --START--
INFO: Run Behavior\ReadHtmlCacheBehavior [ RunTime:0.000588s ]
INFO: [ app_begin ] --END-- [ RunTime:0.000649s ]
NOTIC: [8192] mysql_connect(): The mysql extension is deprecated and will be removed in the future: use mysqli or PDO instead D:\phpStudy\WWW\blog\ThinkPHP\Library\Think\Db\Driver\Mysql.class.php 第 52 行.
SQL: SHOW COLUMNS FROM `tb_article` [ RunTime:0.039019s ]
SQL: SHOW COLUMNS FROM `tb_visitors` [ RunTime:0.039858s ]
SQL: INSERT INTO `tb_visitors` (`ip`,`ipdate`,`address`) VALUES ('127.0.0.1','2017-08-05 15:26:33','未分配或者内网IP') [ RunTime:0.040555s ]
SQL: SELECT COUNT(*) AS tp_count FROM `tb_article` LIMIT 1   [ RunTime:0.037530s ]
SQL: SELECT * FROM `tb_article` WHERE ( `ispublic` = '0' ) ORDER BY articletime desc LIMIT 0,7   [ RunTime:0.076993s ]
SQL: SHOW COLUMNS FROM tb_article_tag as at [ RunTime:0.039786s ]
ERR: 1064:You have an error in your SQL syntax; check the manual that corresponds to your MySQL server version for the right syntax to use near 'as at' at line 1
 [ SQL语句 ] : SHOW COLUMNS FROM tb_article_tag as at
SQL: SELECT * FROM tb_article_tag as at INNER JOIN tb_tag as t on at.tagid=t.id   [ RunTime:0.379510s ]
SQL: SHOW COLUMNS FROM `tb_article` [ RunTime:0.043980s ]
SQL: SELECT * FROM `tb_article` ORDER BY views desc  [ RunTime:0.171527s ]
SQL: SELECT * FROM `tb_article` ORDER BY articletime desc  [ RunTime:0.127817s ]
SQL: SHOW COLUMNS FROM `tb_friendlylink` [ RunTime:0.041275s ]
SQL: SELECT * FROM `tb_friendlylink`  [ RunTime:0.038841s ]
SQL: SHOW COLUMNS FROM `tb_tag` [ RunTime:0.041007s ]
SQL: SELECT * FROM `tb_tag`  [ RunTime:0.037574s ]
SQL: SELECT COUNT(distinct(ip)) AS tp_count FROM `tb_visitors` WHERE ( `ip` = 'ip' ) LIMIT 1   [ RunTime:0.041374s ]
INFO: [ view_parse ] --START--
INFO: [ template_filter ] --START--
INFO: Run Behavior\ContentReplaceBehavior [ RunTime:0.000220s ]
INFO: [ template_filter ] --END-- [ RunTime:0.000293s ]
NOTIC: [8] Undefined variable: data D:\phpStudy\WWW\blog\Application\Runtime\Cache\Home\2a94b8bda04ff446dcedd42276fc99ee.php 第 169 行.
NOTIC: [8] Undefined variable: data D:\phpStudy\WWW\blog\Application\Runtime\Cache\Home\2a94b8bda04ff446dcedd42276fc99ee.php 第 171 行.
INFO: Run Behavior\ParseTemplateBehavior [ RunTime:0.189019s ]
INFO: [ view_parse ] --END-- [ RunTime:0.189101s ]
INFO: [ view_filter ] --START--
INFO: Run Behavior\WriteHtmlCacheBehavior [ RunTime:0.000505s ]
INFO: [ view_filter ] --END-- [ RunTime:0.000551s ]
INFO: [ app_end ] --START--
INFO: Run Behavior\ShowPageTraceBehavior [ RunTime:0.000923s ]
INFO: [ app_end ] --END-- [ RunTime:0.001004s ]

[ 2017-08-05T15:50:36+08:00 ] 127.0.0.1 /blog/
INFO: [ app_init ] --START--
INFO: Run Behavior\BuildLiteBehavior [ RunTime:0.000013s ]
INFO: [ app_init ] --END-- [ RunTime:0.000461s ]
INFO: [ app_begin ] --START--
INFO: Run Behavior\ReadHtmlCacheBehavior [ RunTime:0.001752s ]
INFO: [ app_begin ] --END-- [ RunTime:0.001908s ]
NOTIC: [8192] mysql_connect(): The mysql extension is deprecated and will be removed in the future: use mysqli or PDO instead D:\phpStudy\WWW\blog\ThinkPHP\Library\Think\Db\Driver\Mysql.class.php 第 52 行.
SQL: SHOW COLUMNS FROM `tb_article` [ RunTime:0.048041s ]
SQL: SHOW COLUMNS FROM `tb_visitors` [ RunTime:0.066193s ]
SQL: INSERT INTO `tb_visitors` (`ip`,`ipdate`,`address`) VALUES ('127.0.0.1','2017-08-05 15:50:34','未分配或者内网IP') [ RunTime:0.066473s ]
SQL: SELECT COUNT(*) AS tp_count FROM `tb_article` LIMIT 1   [ RunTime:0.062792s ]
SQL: SELECT * FROM `tb_article` WHERE ( `ispublic` = '0' ) ORDER BY articletime desc LIMIT 0,7   [ RunTime:0.116546s ]
SQL: SHOW COLUMNS FROM tb_article_tag as at [ RunTime:0.041300s ]
ERR: 1064:You have an error in your SQL syntax; check the manual that corresponds to your MySQL server version for the right syntax to use near 'as at' at line 1
 [ SQL语句 ] : SHOW COLUMNS FROM tb_article_tag as at
SQL: SELECT * FROM tb_article_tag as at INNER JOIN tb_tag as t on at.tagid=t.id   [ RunTime:0.049606s ]
SQL: SHOW COLUMNS FROM `tb_article` [ RunTime:0.060721s ]
SQL: SELECT * FROM `tb_article` ORDER BY views desc  [ RunTime:0.237181s ]
SQL: SELECT * FROM `tb_article` ORDER BY articletime desc  [ RunTime:0.173875s ]
SQL: SHOW COLUMNS FROM `tb_friendlylink` [ RunTime:0.074742s ]
SQL: SELECT * FROM `tb_friendlylink`  [ RunTime:0.046426s ]
SQL: SHOW COLUMNS FROM `tb_tag` [ RunTime:0.039597s ]
SQL: SELECT * FROM `tb_tag`  [ RunTime:0.047615s ]
SQL: SELECT COUNT(distinct(ip)) AS tp_count FROM `tb_visitors` WHERE ( `ip` = 'ip' ) LIMIT 1   [ RunTime:0.050722s ]
INFO: [ view_parse ] --START--
INFO: [ template_filter ] --START--
INFO: Run Behavior\ContentReplaceBehavior [ RunTime:0.000125s ]
INFO: [ template_filter ] --END-- [ RunTime:0.000189s ]
NOTIC: [8] Undefined variable: data D:\phpStudy\WWW\blog\Application\Runtime\Cache\Home\2a94b8bda04ff446dcedd42276fc99ee.php 第 169 行.
NOTIC: [8] Undefined variable: data D:\phpStudy\WWW\blog\Application\Runtime\Cache\Home\2a94b8bda04ff446dcedd42276fc99ee.php 第 171 行.
INFO: Run Behavior\ParseTemplateBehavior [ RunTime:0.158235s ]
INFO: [ view_parse ] --END-- [ RunTime:0.158288s ]
INFO: [ view_filter ] --START--
INFO: Run Behavior\WriteHtmlCacheBehavior [ RunTime:0.000426s ]
INFO: [ view_filter ] --END-- [ RunTime:0.000471s ]
INFO: [ app_end ] --START--
INFO: Run Behavior\ShowPageTraceBehavior [ RunTime:0.001040s ]
INFO: [ app_end ] --END-- [ RunTime:0.001126s ]

[ 2017-08-05T15:54:33+08:00 ] 127.0.0.1 /blog/
INFO: [ app_init ] --START--
INFO: Run Behavior\BuildLiteBehavior [ RunTime:0.000013s ]
INFO: [ app_init ] --END-- [ RunTime:0.000442s ]
INFO: [ app_begin ] --START--
INFO: Run Behavior\ReadHtmlCacheBehavior [ RunTime:0.000563s ]
INFO: [ app_begin ] --END-- [ RunTime:0.000618s ]
NOTIC: [8192] mysql_connect(): The mysql extension is deprecated and will be removed in the future: use mysqli or PDO instead D:\phpStudy\WWW\blog\ThinkPHP\Library\Think\Db\Driver\Mysql.class.php 第 52 行.
SQL: SHOW COLUMNS FROM `tb_article` [ RunTime:0.039700s ]
SQL: SHOW COLUMNS FROM `tb_visitors` [ RunTime:0.041843s ]
SQL: INSERT INTO `tb_visitors` (`ip`,`ipdate`,`address`) VALUES ('127.0.0.1','2017-08-05 15:54:31','未分配或者内网IP') [ RunTime:0.044859s ]
SQL: SELECT COUNT(*) AS tp_count FROM `tb_article` LIMIT 1   [ RunTime:0.038451s ]
SQL: SELECT * FROM `tb_article` WHERE ( `ispublic` = '0' ) ORDER BY articletime desc LIMIT 0,7   [ RunTime:0.080795s ]
SQL: SHOW COLUMNS FROM tb_article_tag as at [ RunTime:0.041998s ]
ERR: 1064:You have an error in your SQL syntax; check the manual that corresponds to your MySQL server version for the right syntax to use near 'as at' at line 1
 [ SQL语句 ] : SHOW COLUMNS FROM tb_article_tag as at
SQL: SELECT * FROM tb_article_tag as at INNER JOIN tb_tag as t on at.tagid=t.id   [ RunTime:0.039115s ]
SQL: SHOW COLUMNS FROM `tb_article` [ RunTime:0.040326s ]
SQL: SELECT * FROM `tb_article` ORDER BY views desc  [ RunTime:0.214918s ]
SQL: SELECT * FROM `tb_article` ORDER BY articletime desc  [ RunTime:0.567463s ]
SQL: SHOW COLUMNS FROM `tb_friendlylink` [ RunTime:0.040218s ]
SQL: SELECT * FROM `tb_friendlylink`  [ RunTime:0.039310s ]
SQL: SHOW COLUMNS FROM `tb_tag` [ RunTime:0.039162s ]
SQL: SELECT * FROM `tb_tag`  [ RunTime:0.040332s ]
SQL: SELECT COUNT(distinct(ip)) AS tp_count FROM `tb_visitors` WHERE ( `ip` = 'ip' ) LIMIT 1   [ RunTime:0.040372s ]
INFO: [ view_parse ] --START--
INFO: [ template_filter ] --START--
INFO: Run Behavior\ContentReplaceBehavior [ RunTime:0.000114s ]
INFO: [ template_filter ] --END-- [ RunTime:0.000172s ]
NOTIC: [8] Undefined variable: data D:\phpStudy\WWW\blog\Application\Runtime\Cache\Home\2a94b8bda04ff446dcedd42276fc99ee.php 第 169 行.
NOTIC: [8] Undefined variable: data D:\phpStudy\WWW\blog\Application\Runtime\Cache\Home\2a94b8bda04ff446dcedd42276fc99ee.php 第 171 行.
INFO: Run Behavior\ParseTemplateBehavior [ RunTime:0.156068s ]
INFO: [ view_parse ] --END-- [ RunTime:0.156140s ]
INFO: [ view_filter ] --START--
INFO: Run Behavior\WriteHtmlCacheBehavior [ RunTime:0.000450s ]
INFO: [ view_filter ] --END-- [ RunTime:0.000495s ]
INFO: [ app_end ] --START--
INFO: Run Behavior\ShowPageTraceBehavior [ RunTime:0.000789s ]
INFO: [ app_end ] --END-- [ RunTime:0.000853s ]

[ 2017-08-05T16:00:20+08:00 ] 127.0.0.1 /blog/
INFO: [ app_init ] --START--
INFO: Run Behavior\BuildLiteBehavior [ RunTime:0.000018s ]
INFO: [ app_init ] --END-- [ RunTime:0.000585s ]
INFO: [ app_begin ] --START--
INFO: Run Behavior\ReadHtmlCacheBehavior [ RunTime:0.000697s ]
INFO: [ app_begin ] --END-- [ RunTime:0.000771s ]
NOTIC: [8192] mysql_connect(): The mysql extension is deprecated and will be removed in the future: use mysqli or PDO instead D:\phpStudy\WWW\blog\ThinkPHP\Library\Think\Db\Driver\Mysql.class.php 第 52 行.
SQL: SHOW COLUMNS FROM `tb_article` [ RunTime:0.038821s ]
SQL: SHOW COLUMNS FROM `tb_visitors` [ RunTime:0.039326s ]
SQL: INSERT INTO `tb_visitors` (`ip`,`ipdate`,`address`) VALUES ('127.0.0.1','2017-08-05 16:00:19','未分配或者内网IP') [ RunTime:0.041191s ]
SQL: SELECT COUNT(*) AS tp_count FROM `tb_article` LIMIT 1   [ RunTime:0.039280s ]
SQL: SELECT * FROM `tb_article` WHERE ( `ispublic` = '0' ) ORDER BY articletime desc LIMIT 0,7   [ RunTime:0.079705s ]
SQL: SHOW COLUMNS FROM tb_article_tag as at [ RunTime:0.038611s ]
ERR: 1064:You have an error in your SQL syntax; check the manual that corresponds to your MySQL server version for the right syntax to use near 'as at' at line 1
 [ SQL语句 ] : SHOW COLUMNS FROM tb_article_tag as at
SQL: SELECT * FROM tb_article_tag as at INNER JOIN tb_tag as t on at.tagid=t.id   [ RunTime:0.039037s ]
SQL: SHOW COLUMNS FROM `tb_article` [ RunTime:0.041037s ]
SQL: SELECT * FROM `tb_article` ORDER BY views desc  [ RunTime:0.237436s ]
SQL: SELECT * FROM `tb_article` ORDER BY articletime desc  [ RunTime:0.162274s ]
SQL: SHOW COLUMNS FROM `tb_friendlylink` [ RunTime:0.039905s ]
SQL: SELECT * FROM `tb_friendlylink`  [ RunTime:0.043566s ]
SQL: SHOW COLUMNS FROM `tb_tag` [ RunTime:0.038833s ]
SQL: SELECT * FROM `tb_tag`  [ RunTime:0.037903s ]
SQL: SELECT COUNT(distinct(ip)) AS tp_count FROM `tb_visitors` WHERE ( `ip` = 'ip' ) LIMIT 1   [ RunTime:0.040013s ]
INFO: [ view_parse ] --START--
INFO: [ template_filter ] --START--
INFO: Run Behavior\ContentReplaceBehavior [ RunTime:0.000156s ]
INFO: [ template_filter ] --END-- [ RunTime:0.000213s ]
NOTIC: [8] Undefined variable: data D:\phpStudy\WWW\blog\Application\Runtime\Cache\Home\2a94b8bda04ff446dcedd42276fc99ee.php 第 169 行.
NOTIC: [8] Undefined variable: data D:\phpStudy\WWW\blog\Application\Runtime\Cache\Home\2a94b8bda04ff446dcedd42276fc99ee.php 第 171 行.
INFO: Run Behavior\ParseTemplateBehavior [ RunTime:0.226793s ]
INFO: [ view_parse ] --END-- [ RunTime:0.226952s ]
INFO: [ view_filter ] --START--
INFO: Run Behavior\WriteHtmlCacheBehavior [ RunTime:0.000820s ]
INFO: [ view_filter ] --END-- [ RunTime:0.000907s ]
INFO: [ app_end ] --START--
INFO: Run Behavior\ShowPageTraceBehavior [ RunTime:0.001421s ]
INFO: [ app_end ] --END-- [ RunTime:0.001537s ]

[ 2017-08-05T16:10:48+08:00 ] 127.0.0.1 /blog/
INFO: [ app_init ] --START--
INFO: Run Behavior\BuildLiteBehavior [ RunTime:0.000017s ]
INFO: [ app_init ] --END-- [ RunTime:0.000614s ]
INFO: [ app_begin ] --START--
INFO: Run Behavior\ReadHtmlCacheBehavior [ RunTime:0.000554s ]
INFO: [ app_begin ] --END-- [ RunTime:0.000614s ]
NOTIC: [8192] mysql_connect(): The mysql extension is deprecated and will be removed in the future: use mysqli or PDO instead D:\phpStudy\WWW\blog\ThinkPHP\Library\Think\Db\Driver\Mysql.class.php 第 52 行.
SQL: SHOW COLUMNS FROM `tb_article` [ RunTime:0.041602s ]
SQL: SHOW COLUMNS FROM `tb_visitors` [ RunTime:0.041069s ]
SQL: INSERT INTO `tb_visitors` (`ip`,`ipdate`,`address`) VALUES ('127.0.0.1','2017-08-05 16:10:47','未分配或者内网IP') [ RunTime:0.050806s ]
SQL: SELECT COUNT(*) AS tp_count FROM `tb_article` LIMIT 1   [ RunTime:0.042800s ]
SQL: SELECT * FROM `tb_article` WHERE ( `ispublic` = '0' ) ORDER BY articletime desc LIMIT 0,7   [ RunTime:0.090210s ]
SQL: SHOW COLUMNS FROM tb_article_tag as at [ RunTime:0.037641s ]
ERR: 1064:You have an error in your SQL syntax; check the manual that corresponds to your MySQL server version for the right syntax to use near 'as at' at line 1
 [ SQL语句 ] : SHOW COLUMNS FROM tb_article_tag as at
SQL: SELECT * FROM tb_article_tag as at INNER JOIN tb_tag as t on at.tagid=t.id   [ RunTime:0.038574s ]
SQL: SHOW COLUMNS FROM `tb_article` [ RunTime:0.039833s ]
SQL: SELECT * FROM `tb_article` ORDER BY views desc  [ RunTime:0.195981s ]
SQL: SELECT * FROM `tb_article` ORDER BY articletime desc  [ RunTime:0.126291s ]
SQL: SHOW COLUMNS FROM `tb_friendlylink` [ RunTime:0.046127s ]
SQL: SELECT * FROM `tb_friendlylink`  [ RunTime:0.038219s ]
SQL: SHOW COLUMNS FROM `tb_tag` [ RunTime:0.040731s ]
SQL: SELECT * FROM `tb_tag`  [ RunTime:0.043779s ]
SQL: SELECT COUNT(distinct(ip)) AS tp_count FROM `tb_visitors` WHERE ( `ip` = 'ip' ) LIMIT 1   [ RunTime:0.041870s ]
INFO: [ view_parse ] --START--
INFO: [ template_filter ] --START--
INFO: Run Behavior\ContentReplaceBehavior [ RunTime:0.000121s ]
INFO: [ template_filter ] --END-- [ RunTime:0.000181s ]
NOTIC: [8] Undefined variable: data D:\phpStudy\WWW\blog\Application\Runtime\Cache\Home\2a94b8bda04ff446dcedd42276fc99ee.php 第 169 行.
NOTIC: [8] Undefined variable: data D:\phpStudy\WWW\blog\Application\Runtime\Cache\Home\2a94b8bda04ff446dcedd42276fc99ee.php 第 171 行.
INFO: Run Behavior\ParseTemplateBehavior [ RunTime:0.172987s ]
INFO: [ view_parse ] --END-- [ RunTime:0.173078s ]
INFO: [ view_filter ] --START--
INFO: Run Behavior\WriteHtmlCacheBehavior [ RunTime:0.000541s ]
INFO: [ view_filter ] --END-- [ RunTime:0.000616s ]
INFO: [ app_end ] --START--
INFO: Run Behavior\ShowPageTraceBehavior [ RunTime:0.000926s ]
INFO: [ app_end ] --END-- [ RunTime:0.001048s ]

[ 2017-08-05T16:14:57+08:00 ] 127.0.0.1 /blog/
INFO: [ app_init ] --START--
INFO: Run Behavior\BuildLiteBehavior [ RunTime:0.000013s ]
INFO: [ app_init ] --END-- [ RunTime:0.000467s ]
INFO: [ app_begin ] --START--
INFO: Run Behavior\ReadHtmlCacheBehavior [ RunTime:0.000715s ]
INFO: [ app_begin ] --END-- [ RunTime:0.000794s ]
NOTIC: [8192] mysql_connect(): The mysql extension is deprecated and will be removed in the future: use mysqli or PDO instead D:\phpStudy\WWW\blog\ThinkPHP\Library\Think\Db\Driver\Mysql.class.php 第 52 行.
SQL: SHOW COLUMNS FROM `tb_article` [ RunTime:0.043237s ]
SQL: SHOW COLUMNS FROM `tb_visitors` [ RunTime:0.039681s ]
SQL: INSERT INTO `tb_visitors` (`ip`,`ipdate`,`address`) VALUES ('127.0.0.1','2017-08-05 16:14:55','未分配或者内网IP') [ RunTime:0.042590s ]
SQL: SELECT COUNT(*) AS tp_count FROM `tb_article` LIMIT 1   [ RunTime:0.037584s ]
SQL: SELECT * FROM `tb_article` WHERE ( `ispublic` = '0' ) ORDER BY articletime desc LIMIT 0,7   [ RunTime:0.079811s ]
SQL: SHOW COLUMNS FROM tb_article_tag as at [ RunTime:0.038183s ]
ERR: 1064:You have an error in your SQL syntax; check the manual that corresponds to your MySQL server version for the right syntax to use near 'as at' at line 1
 [ SQL语句 ] : SHOW COLUMNS FROM tb_article_tag as at
SQL: SELECT * FROM tb_article_tag as at INNER JOIN tb_tag as t on at.tagid=t.id   [ RunTime:0.038535s ]
SQL: SHOW COLUMNS FROM `tb_article` [ RunTime:0.038139s ]
SQL: SELECT * FROM `tb_article` ORDER BY views desc  [ RunTime:0.212139s ]
SQL: SELECT * FROM `tb_article` ORDER BY articletime desc  [ RunTime:0.554104s ]
SQL: SHOW COLUMNS FROM `tb_friendlylink` [ RunTime:0.041158s ]
SQL: SELECT * FROM `tb_friendlylink`  [ RunTime:0.038059s ]
SQL: SHOW COLUMNS FROM `tb_tag` [ RunTime:0.040219s ]
SQL: SELECT * FROM `tb_tag`  [ RunTime:0.039365s ]
SQL: SELECT COUNT(distinct(ip)) AS tp_count FROM `tb_visitors` WHERE ( `ip` = 'ip' ) LIMIT 1   [ RunTime:0.042826s ]
INFO: [ view_parse ] --START--
INFO: [ template_filter ] --START--
INFO: Run Behavior\ContentReplaceBehavior [ RunTime:0.000616s ]
INFO: [ template_filter ] --END-- [ RunTime:0.000705s ]
NOTIC: [8] Undefined variable: data D:\phpStudy\WWW\blog\Application\Runtime\Cache\Home\2a94b8bda04ff446dcedd42276fc99ee.php 第 169 行.
NOTIC: [8] Undefined variable: data D:\phpStudy\WWW\blog\Application\Runtime\Cache\Home\2a94b8bda04ff446dcedd42276fc99ee.php 第 171 行.
INFO: Run Behavior\ParseTemplateBehavior [ RunTime:0.213520s ]
INFO: [ view_parse ] --END-- [ RunTime:0.213609s ]
INFO: [ view_filter ] --START--
INFO: Run Behavior\WriteHtmlCacheBehavior [ RunTime:0.000577s ]
INFO: [ view_filter ] --END-- [ RunTime:0.000645s ]
INFO: [ app_end ] --START--
INFO: Run Behavior\ShowPageTraceBehavior [ RunTime:0.001657s ]
INFO: [ app_end ] --END-- [ RunTime:0.001750s ]

[ 2017-08-05T16:17:22+08:00 ] 127.0.0.1 /blog/
INFO: [ app_init ] --START--
INFO: Run Behavior\BuildLiteBehavior [ RunTime:0.000014s ]
INFO: [ app_init ] --END-- [ RunTime:0.000483s ]
INFO: [ app_begin ] --START--
INFO: Run Behavior\ReadHtmlCacheBehavior [ RunTime:0.000544s ]
INFO: [ app_begin ] --END-- [ RunTime:0.000619s ]
NOTIC: [8192] mysql_connect(): The mysql extension is deprecated and will be removed in the future: use mysqli or PDO instead D:\phpStudy\WWW\blog\ThinkPHP\Library\Think\Db\Driver\Mysql.class.php 第 52 行.
SQL: SHOW COLUMNS FROM `tb_article` [ RunTime:0.044371s ]
NOTIC: [2] file_get_contents(http://ip.taobao.com/service/getIpInfo.php?ip=127.0.0.1): failed to open stream: HTTP request failed!  D:\phpStudy\WWW\blog\Application\Home\Common\function.php 第 27 行.
NOTIC: [8] Trying to get property of non-object D:\phpStudy\WWW\blog\Application\Home\Common\function.php 第 28 行.
NOTIC: [8] Trying to get property of non-object D:\phpStudy\WWW\blog\Application\Home\Common\function.php 第 31 行.
NOTIC: [8] Undefined index: ip D:\phpStudy\WWW\blog\Application\Home\Controller\IndexController.class.php 第 77 行.
SQL: SELECT COUNT(*) AS tp_count FROM `tb_article` LIMIT 1   [ RunTime:0.041728s ]
SQL: SELECT * FROM `tb_article` WHERE ( `ispublic` = '0' ) ORDER BY articletime desc LIMIT 0,7   [ RunTime:0.079161s ]
SQL: SHOW COLUMNS FROM tb_article_tag as at [ RunTime:0.039238s ]
ERR: 1064:You have an error in your SQL syntax; check the manual that corresponds to your MySQL server version for the right syntax to use near 'as at' at line 1
 [ SQL语句 ] : SHOW COLUMNS FROM tb_article_tag as at
SQL: SELECT * FROM tb_article_tag as at INNER JOIN tb_tag as t on at.tagid=t.id   [ RunTime:0.037797s ]
SQL: SHOW COLUMNS FROM `tb_article` [ RunTime:0.043163s ]
SQL: SELECT * FROM `tb_article` ORDER BY views desc  [ RunTime:0.192235s ]
SQL: SELECT * FROM `tb_article` ORDER BY articletime desc  [ RunTime:0.439474s ]
SQL: SHOW COLUMNS FROM `tb_friendlylink` [ RunTime:0.040380s ]
SQL: SELECT * FROM `tb_friendlylink`  [ RunTime:0.038468s ]
SQL: SHOW COLUMNS FROM `tb_tag` [ RunTime:0.039620s ]
SQL: SELECT * FROM `tb_tag`  [ RunTime:0.038052s ]
SQL: SHOW COLUMNS FROM `tb_visitors` [ RunTime:0.039900s ]
SQL: SELECT COUNT(distinct(ip)) AS tp_count FROM `tb_visitors` WHERE ( `ip` = 'ip' ) LIMIT 1   [ RunTime:0.044804s ]
INFO: [ view_parse ] --START--
INFO: [ template_filter ] --START--
INFO: Run Behavior\ContentReplaceBehavior [ RunTime:0.000124s ]
INFO: [ template_filter ] --END-- [ RunTime:0.000178s ]
NOTIC: [8] Undefined variable: data D:\phpStudy\WWW\blog\Application\Runtime\Cache\Home\2a94b8bda04ff446dcedd42276fc99ee.php 第 169 行.
NOTIC: [8] Undefined variable: data D:\phpStudy\WWW\blog\Application\Runtime\Cache\Home\2a94b8bda04ff446dcedd42276fc99ee.php 第 171 行.
INFO: Run Behavior\ParseTemplateBehavior [ RunTime:0.162474s ]
INFO: [ view_parse ] --END-- [ RunTime:0.162561s ]
INFO: [ view_filter ] --START--
INFO: Run Behavior\WriteHtmlCacheBehavior [ RunTime:0.000318s ]
INFO: [ view_filter ] --END-- [ RunTime:0.000360s ]
INFO: [ app_end ] --START--
INFO: Run Behavior\ShowPageTraceBehavior [ RunTime:0.000529s ]
INFO: [ app_end ] --END-- [ RunTime:0.000571s ]

[ 2017-08-05T16:18:23+08:00 ] 127.0.0.1 /blog/
INFO: [ app_init ] --START--
INFO: Run Behavior\BuildLiteBehavior [ RunTime:0.000022s ]
INFO: [ app_init ] --END-- [ RunTime:0.000542s ]
INFO: [ app_begin ] --START--
INFO: Run Behavior\ReadHtmlCacheBehavior [ RunTime:0.000532s ]
INFO: [ app_begin ] --END-- [ RunTime:0.000585s ]
NOTIC: [8192] mysql_connect(): The mysql extension is deprecated and will be removed in the future: use mysqli or PDO instead D:\phpStudy\WWW\blog\ThinkPHP\Library\Think\Db\Driver\Mysql.class.php 第 52 行.
SQL: SHOW COLUMNS FROM `tb_article` [ RunTime:0.039116s ]
SQL: SHOW COLUMNS FROM `tb_visitors` [ RunTime:0.039043s ]
SQL: INSERT INTO `tb_visitors` (`ip`,`ipdate`,`address`) VALUES ('127.0.0.1','2017-08-05 16:18:22','未分配或者内网IP') [ RunTime:0.042869s ]
SQL: SELECT COUNT(*) AS tp_count FROM `tb_article` LIMIT 1   [ RunTime:0.038300s ]
SQL: SELECT * FROM `tb_article` WHERE ( `ispublic` = '0' ) ORDER BY articletime desc LIMIT 0,7   [ RunTime:0.077599s ]
SQL: SHOW COLUMNS FROM tb_article_tag as at [ RunTime:0.038332s ]
ERR: 1064:You have an error in your SQL syntax; check the manual that corresponds to your MySQL server version for the right syntax to use near 'as at' at line 1
 [ SQL语句 ] : SHOW COLUMNS FROM tb_article_tag as at
SQL: SELECT * FROM tb_article_tag as at INNER JOIN tb_tag as t on at.tagid=t.id   [ RunTime:0.038996s ]
SQL: SHOW COLUMNS FROM `tb_article` [ RunTime:0.038738s ]
SQL: SELECT * FROM `tb_article` ORDER BY views desc  [ RunTime:0.195238s ]
SQL: SELECT * FROM `tb_article` ORDER BY articletime desc  [ RunTime:0.091264s ]
SQL: SHOW COLUMNS FROM `tb_friendlylink` [ RunTime:0.038739s ]
SQL: SELECT * FROM `tb_friendlylink`  [ RunTime:0.038520s ]
SQL: SHOW COLUMNS FROM `tb_tag` [ RunTime:0.038203s ]
SQL: SELECT * FROM `tb_tag`  [ RunTime:0.038990s ]
SQL: SELECT COUNT(distinct(ip)) AS tp_count FROM `tb_visitors` WHERE ( `ip` = 'ip' ) LIMIT 1   [ RunTime:0.039404s ]
INFO: [ view_parse ] --START--
INFO: [ template_filter ] --START--
INFO: Run Behavior\ContentReplaceBehavior [ RunTime:0.000166s ]
INFO: [ template_filter ] --END-- [ RunTime:0.000223s ]
NOTIC: [8] Undefined variable: data D:\phpStudy\WWW\blog\Application\Runtime\Cache\Home\2a94b8bda04ff446dcedd42276fc99ee.php 第 169 行.
NOTIC: [8] Undefined variable: data D:\phpStudy\WWW\blog\Application\Runtime\Cache\Home\2a94b8bda04ff446dcedd42276fc99ee.php 第 171 行.
INFO: Run Behavior\ParseTemplateBehavior [ RunTime:0.163644s ]
INFO: [ view_parse ] --END-- [ RunTime:0.163701s ]
INFO: [ view_filter ] --START--
INFO: Run Behavior\WriteHtmlCacheBehavior [ RunTime:0.000441s ]
INFO: [ view_filter ] --END-- [ RunTime:0.000488s ]
INFO: [ app_end ] --START--
INFO: Run Behavior\ShowPageTraceBehavior [ RunTime:0.000943s ]
INFO: [ app_end ] --END-- [ RunTime:0.001032s ]

